<?xml version="1.0" encoding="UTF-8"?>
<coverage generated="1562798979158" clover="3.2.0">
  <project timestamp="1562798979159" name="All files">
    <metrics statements="349" coveredstatements="220" conditionals="153" coveredconditionals="88" methods="101" coveredmethods="50" elements="603" coveredelements="358" complexity="0" loc="349" ncloc="349" packages="1" files="3" classes="3"/>
    <file name="App.jsx" path="/Users/katherinewang/Desktop/Reservations/client/src/components/App.jsx">
      <metrics statements="126" coveredstatements="34" conditionals="51" coveredconditionals="15" methods="41" coveredmethods="3"/>
      <line num="14" count="1" type="stmt"/>
      <line num="16" count="1" type="stmt"/>
      <line num="43" count="1" type="stmt"/>
      <line num="44" count="1" type="stmt"/>
      <line num="45" count="1" type="stmt"/>
      <line num="46" count="1" type="stmt"/>
      <line num="47" count="1" type="stmt"/>
      <line num="48" count="1" type="stmt"/>
      <line num="49" count="1" type="stmt"/>
      <line num="50" count="1" type="stmt"/>
      <line num="51" count="1" type="stmt"/>
      <line num="52" count="1" type="stmt"/>
      <line num="53" count="1" type="stmt"/>
      <line num="54" count="1" type="stmt"/>
      <line num="58" count="0" type="stmt"/>
      <line num="64" count="0" type="stmt"/>
      <line num="65" count="0" type="stmt"/>
      <line num="68" count="0" type="stmt"/>
      <line num="70" count="0" type="stmt"/>
      <line num="74" count="0" type="stmt"/>
      <line num="80" count="0" type="stmt"/>
      <line num="85" count="0" type="stmt"/>
      <line num="87" count="0" type="cond" truecount="0" falsecount="2"/>
      <line num="88" count="0" type="stmt"/>
      <line num="92" count="0" type="stmt"/>
      <line num="95" count="0" type="stmt"/>
      <line num="99" count="0" type="stmt"/>
      <line num="106" count="0" type="stmt"/>
      <line num="114" count="0" type="stmt"/>
      <line num="115" count="0" type="stmt"/>
      <line num="116" count="0" type="stmt"/>
      <line num="119" count="0" type="stmt"/>
      <line num="124" count="0" type="cond" truecount="0" falsecount="2"/>
      <line num="125" count="0" type="stmt"/>
      <line num="128" count="0" type="stmt"/>
      <line num="131" count="0" type="stmt"/>
      <line num="134" count="0" type="stmt"/>
      <line num="140" count="0" type="stmt"/>
      <line num="141" count="0" type="stmt"/>
      <line num="144" count="0" type="cond" truecount="0" falsecount="2"/>
      <line num="145" count="0" type="stmt"/>
      <line num="148" count="0" type="stmt"/>
      <line num="151" count="0" type="stmt"/>
      <line num="154" count="0" type="stmt"/>
      <line num="161" count="0" type="stmt"/>
      <line num="168" count="0" type="stmt"/>
      <line num="169" count="0" type="stmt"/>
      <line num="176" count="0" type="stmt"/>
      <line num="177" count="0" type="stmt"/>
      <line num="181" count="0" type="stmt"/>
      <line num="182" count="0" type="stmt"/>
      <line num="183" count="0" type="cond" truecount="0" falsecount="4"/>
      <line num="184" count="0" type="stmt"/>
      <line num="185" count="0" type="stmt"/>
      <line num="186" count="0" type="stmt"/>
      <line num="188" count="0" type="cond" truecount="0" falsecount="2"/>
      <line num="189" count="0" type="stmt"/>
      <line num="192" count="0" type="stmt"/>
      <line num="195" count="0" type="stmt"/>
      <line num="198" count="0" type="stmt"/>
      <line num="202" count="0" type="stmt"/>
      <line num="204" count="0" type="stmt"/>
      <line num="205" count="0" type="stmt"/>
      <line num="206" count="0" type="stmt"/>
      <line num="207" count="0" type="stmt"/>
      <line num="208" count="0" type="stmt"/>
      <line num="210" count="0" type="stmt"/>
      <line num="211" count="0" type="stmt"/>
      <line num="214" count="0" type="stmt"/>
      <line num="215" count="0" type="stmt"/>
      <line num="218" count="0" type="stmt"/>
      <line num="220" count="0" type="stmt"/>
      <line num="221" count="0" type="stmt"/>
      <line num="222" count="0" type="stmt"/>
      <line num="223" count="0" type="stmt"/>
      <line num="224" count="0" type="stmt"/>
      <line num="225" count="0" type="cond" truecount="0" falsecount="2"/>
      <line num="226" count="0" type="stmt"/>
      <line num="228" count="0" type="stmt"/>
      <line num="231" count="0" type="stmt"/>
      <line num="232" count="0" type="stmt"/>
      <line num="238" count="0" type="stmt"/>
      <line num="239" count="0" type="stmt"/>
      <line num="240" count="0" type="stmt"/>
      <line num="242" count="0" type="stmt"/>
      <line num="244" count="0" type="cond" truecount="0" falsecount="4"/>
      <line num="245" count="0" type="stmt"/>
      <line num="246" count="0" type="stmt"/>
      <line num="247" count="0" type="stmt"/>
      <line num="250" count="0" type="cond" truecount="0" falsecount="2"/>
      <line num="251" count="0" type="stmt"/>
      <line num="253" count="0" type="stmt"/>
      <line num="256" count="0" type="stmt"/>
      <line num="258" count="0" type="stmt"/>
      <line num="261" count="0" type="stmt"/>
      <line num="266" count="1" type="stmt"/>
      <line num="272" count="1" type="stmt"/>
      <line num="274" count="1" type="stmt"/>
      <line num="275" count="1" type="stmt"/>
      <line num="277" count="1" type="cond" truecount="1" falsecount="1"/>
      <line num="278" count="0" type="stmt"/>
      <line num="279" count="1" type="cond" truecount="1" falsecount="1"/>
      <line num="280" count="1" type="stmt"/>
      <line num="283" count="1" type="cond" truecount="1" falsecount="1"/>
      <line num="284" count="0" type="stmt"/>
      <line num="285" count="1" type="cond" truecount="1" falsecount="1"/>
      <line num="286" count="0" type="stmt"/>
      <line num="291" count="1" type="cond" truecount="1" falsecount="1"/>
      <line num="292" count="0" type="stmt"/>
      <line num="293" count="0" type="stmt"/>
      <line num="294" count="1" type="cond" truecount="1" falsecount="1"/>
      <line num="295" count="0" type="stmt"/>
      <line num="296" count="0" type="stmt"/>
      <line num="298" count="1" type="stmt"/>
      <line num="299" count="1" type="stmt"/>
      <line num="303" count="1" type="cond" truecount="1" falsecount="1"/>
      <line num="304" count="0" type="stmt"/>
      <line num="305" count="1" type="cond" truecount="3" falsecount="1"/>
      <line num="306" count="0" type="stmt"/>
      <line num="308" count="1" type="stmt"/>
      <line num="311" count="1" type="stmt"/>
      <line num="312" count="1" type="stmt"/>
      <line num="313" count="1" type="stmt"/>
      <line num="316" count="1" type="stmt"/>
      <line num="327" count="0" type="stmt"/>
      <line num="343" count="0" type="stmt"/>
    </file>
    <file name="Calendar.jsx" path="/Users/katherinewang/Desktop/Reservations/client/src/components/Calendar.jsx">
      <metrics statements="165" coveredstatements="135" conditionals="78" coveredconditionals="52" methods="34" coveredmethods="26"/>
      <line num="8" count="2" type="stmt"/>
      <line num="12" count="9" type="stmt"/>
      <line num="14" count="9" type="stmt"/>
      <line num="28" count="9" type="stmt"/>
      <line num="29" count="9" type="stmt"/>
      <line num="30" count="9" type="stmt"/>
      <line num="31" count="9" type="stmt"/>
      <line num="32" count="9" type="stmt"/>
      <line num="33" count="9" type="stmt"/>
      <line num="34" count="9" type="stmt"/>
      <line num="35" count="9" type="stmt"/>
      <line num="36" count="9" type="stmt"/>
      <line num="40" count="0" type="stmt"/>
      <line num="44" count="0" type="stmt"/>
      <line num="45" count="0" type="stmt"/>
      <line num="49" count="28" type="stmt"/>
      <line num="50" count="28" type="stmt"/>
      <line num="51" count="0" type="stmt"/>
      <line num="54" count="0" type="stmt"/>
      <line num="58" count="0" type="stmt"/>
      <line num="65" count="1256" type="stmt"/>
      <line num="67" count="1256" type="stmt"/>
      <line num="69" count="1256" type="cond" truecount="4" falsecount="0"/>
      <line num="70" count="31" type="stmt"/>
      <line num="72" count="1225" type="cond" truecount="4" falsecount="0"/>
      <line num="73" count="31" type="stmt"/>
      <line num="76" count="1194" type="cond" truecount="2" falsecount="4"/>
      <line num="77" count="0" type="stmt"/>
      <line num="78" count="0" type="stmt"/>
      <line num="80" count="0" type="cond" truecount="0" falsecount="4"/>
      <line num="81" count="0" type="stmt"/>
      <line num="83" count="0" type="stmt"/>
      <line num="87" count="1194" type="stmt"/>
      <line num="88" count="1194" type="cond" truecount="2" falsecount="0"/>
      <line num="89" count="453" type="stmt"/>
      <line num="92" count="741" type="cond" truecount="2" falsecount="0"/>
      <line num="93" count="258" type="cond" truecount="2" falsecount="0"/>
      <line num="94" count="5" type="stmt"/>
      <line num="96" count="483" type="cond" truecount="2" falsecount="0"/>
      <line num="97" count="73" type="cond" truecount="1" falsecount="1"/>
      <line num="98" count="0" type="stmt"/>
      <line num="101" count="736" type="stmt"/>
      <line num="105" count="31" type="stmt"/>
      <line num="106" count="31" type="stmt"/>
      <line num="108" count="31" type="cond" truecount="2" falsecount="0"/>
      <line num="109" count="30" type="stmt"/>
      <line num="111" count="1" type="cond" truecount="1" falsecount="1"/>
      <line num="112" count="0" type="stmt"/>
      <line num="113" count="1" type="cond" truecount="1" falsecount="1"/>
      <line num="114" count="0" type="stmt"/>
      <line num="116" count="1" type="stmt"/>
      <line num="123" count="31" type="stmt"/>
      <line num="125" count="31" type="stmt"/>
      <line num="126" count="31" type="cond" truecount="2" falsecount="0"/>
      <line num="127" count="12" type="stmt"/>
      <line num="130" count="19" type="cond" truecount="1" falsecount="1"/>
      <line num="131" count="0" type="stmt"/>
      <line num="133" count="19" type="cond" truecount="1" falsecount="1"/>
      <line num="134" count="19" type="cond" truecount="1" falsecount="1"/>
      <line num="135" count="0" type="stmt"/>
      <line num="137" count="19" type="cond" truecount="1" falsecount="1"/>
      <line num="138" count="0" type="cond" truecount="0" falsecount="2"/>
      <line num="139" count="0" type="stmt"/>
      <line num="142" count="0" type="cond" truecount="0" falsecount="2"/>
      <line num="143" count="0" type="stmt"/>
      <line num="145" count="19" type="cond" truecount="1" falsecount="1"/>
      <line num="146" count="0" type="stmt"/>
      <line num="148" count="19" type="stmt"/>
      <line num="154" count="2" type="stmt"/>
      <line num="155" count="2" type="stmt"/>
      <line num="158" count="2" type="stmt"/>
      <line num="159" count="0" type="stmt"/>
      <line num="160" count="0" type="stmt"/>
      <line num="163" count="2" type="cond" truecount="2" falsecount="0"/>
      <line num="164" count="1" type="stmt"/>
      <line num="165" count="1" type="stmt"/>
      <line num="166" count="1" type="stmt"/>
      <line num="168" count="1" type="stmt"/>
      <line num="169" count="0" type="cond" truecount="0" falsecount="2"/>
      <line num="170" count="0" type="stmt"/>
      <line num="175" count="2" type="cond" truecount="2" falsecount="0"/>
      <line num="176" count="1" type="stmt"/>
      <line num="177" count="1" type="stmt"/>
      <line num="178" count="1" type="stmt"/>
      <line num="179" count="1" type="stmt"/>
      <line num="180" count="1" type="stmt"/>
      <line num="181" count="0" type="stmt"/>
      <line num="182" count="0" type="cond" truecount="0" falsecount="2"/>
      <line num="183" count="0" type="stmt"/>
      <line num="187" count="1" type="stmt"/>
      <line num="189" count="2" type="stmt"/>
      <line num="194" count="150" type="stmt"/>
      <line num="195" count="150" type="stmt"/>
      <line num="196" count="150" type="stmt"/>
      <line num="200" count="41" type="stmt"/>
      <line num="201" count="41" type="stmt"/>
      <line num="206" count="27" type="stmt"/>
      <line num="208" count="27" type="cond" truecount="2" falsecount="0"/>
      <line num="209" count="16" type="stmt"/>
      <line num="210" count="16" type="cond" truecount="2" falsecount="0"/>
      <line num="212" count="16" type="stmt"/>
      <line num="216" count="16" type="stmt"/>
      <line num="219" count="11" type="stmt"/>
      <line num="220" count="11" type="cond" truecount="2" falsecount="0"/>
      <line num="222" count="11" type="stmt"/>
      <line num="226" count="11" type="stmt"/>
      <line num="232" count="1" type="stmt"/>
      <line num="233" count="1" type="stmt"/>
      <line num="234" count="1" type="stmt"/>
      <line num="242" count="1" type="stmt"/>
      <line num="243" count="1" type="stmt"/>
      <line num="248" count="2" type="stmt"/>
      <line num="250" count="2" type="stmt"/>
      <line num="251" count="2" type="cond" truecount="1" falsecount="1"/>
      <line num="252" count="0" type="stmt"/>
      <line num="255" count="2" type="stmt"/>
      <line num="256" count="2" type="cond" truecount="1" falsecount="1"/>
      <line num="257" count="2" type="stmt"/>
      <line num="259" count="2" type="stmt"/>
      <line num="261" count="2" type="cond" truecount="2" falsecount="0"/>
      <line num="262" count="1" type="stmt"/>
      <line num="265" count="1" type="stmt"/>
      <line num="266" count="1" type="stmt"/>
      <line num="270" count="1" type="stmt"/>
      <line num="273" count="1" type="stmt"/>
      <line num="274" count="1" type="stmt"/>
      <line num="282" count="41" type="stmt"/>
      <line num="283" count="41" type="stmt"/>
      <line num="285" count="41" type="stmt"/>
      <line num="290" count="41" type="stmt"/>
      <line num="291" count="41" type="stmt"/>
      <line num="293" count="41" type="stmt"/>
      <line num="294" count="41" type="stmt"/>
      <line num="296" count="41" type="stmt"/>
      <line num="297" count="41" type="stmt"/>
      <line num="298" count="287" type="stmt"/>
      <line num="303" count="41" type="stmt"/>
      <line num="304" count="41" type="stmt"/>
      <line num="305" count="109" type="stmt"/>
      <line num="310" count="41" type="stmt"/>
      <line num="311" count="41" type="stmt"/>
      <line num="313" count="41" type="stmt"/>
      <line num="314" count="1256" type="stmt"/>
      <line num="315" count="1256" type="stmt"/>
      <line num="316" count="1256" type="stmt"/>
      <line num="318" count="1256" type="stmt"/>
      <line num="319" count="2" type="stmt"/>
      <line num="324" count="41" type="stmt"/>
      <line num="326" count="41" type="stmt"/>
      <line num="327" count="41" type="stmt"/>
      <line num="328" count="41" type="stmt"/>
      <line num="329" count="1365" type="cond" truecount="2" falsecount="0"/>
      <line num="330" count="211" type="stmt"/>
      <line num="331" count="211" type="stmt"/>
      <line num="332" count="211" type="stmt"/>
      <line num="334" count="1154" type="stmt"/>
      <line num="336" count="1365" type="cond" truecount="2" falsecount="0"/>
      <line num="337" count="41" type="stmt"/>
      <line num="341" count="41" type="stmt"/>
      <line num="342" count="252" type="stmt"/>
      <line num="348" count="41" type="stmt"/>
      <line num="353" count="0" type="stmt"/>
      <line num="366" count="11" type="stmt"/>
      <line num="377" count="16" type="stmt"/>
      <line num="394" count="1" type="stmt"/>
    </file>
    <file name="Guest.jsx" path="/Users/katherinewang/Desktop/Reservations/client/src/components/Guest.jsx">
      <metrics statements="58" coveredstatements="51" conditionals="24" coveredconditionals="21" methods="26" coveredmethods="21"/>
      <line num="5" count="1" type="stmt"/>
      <line num="7" count="1" type="stmt"/>
      <line num="13" count="1" type="stmt"/>
      <line num="14" count="1" type="stmt"/>
      <line num="15" count="1" type="stmt"/>
      <line num="19" count="0" type="stmt"/>
      <line num="23" count="0" type="stmt"/>
      <line num="27" count="0" type="cond" truecount="0" falsecount="2"/>
      <line num="28" count="0" type="stmt"/>
      <line num="30" count="0" type="stmt"/>
      <line num="34" count="0" type="stmt"/>
      <line num="38" count="21" type="stmt"/>
      <line num="39" count="21" type="stmt"/>
      <line num="41" count="21" type="cond" truecount="2" falsecount="0"/>
      <line num="42" count="12" type="cond" truecount="2" falsecount="0"/>
      <line num="43" count="4" type="stmt"/>
      <line num="46" count="4" type="stmt"/>
      <line num="48" count="8" type="cond" truecount="2" falsecount="0"/>
      <line num="49" count="4" type="stmt"/>
      <line num="52" count="4" type="stmt"/>
      <line num="55" count="4" type="stmt"/>
      <line num="58" count="4" type="stmt"/>
      <line num="61" count="9" type="cond" truecount="1" falsecount="1"/>
      <line num="62" count="9" type="cond" truecount="2" falsecount="0"/>
      <line num="63" count="3" type="stmt"/>
      <line num="66" count="3" type="stmt"/>
      <line num="68" count="6" type="cond" truecount="2" falsecount="0"/>
      <line num="69" count="3" type="stmt"/>
      <line num="72" count="3" type="stmt"/>
      <line num="75" count="3" type="stmt"/>
      <line num="78" count="3" type="stmt"/>
      <line num="85" count="28" type="stmt"/>
      <line num="86" count="28" type="stmt"/>
      <line num="87" count="28" type="stmt"/>
      <line num="88" count="28" type="stmt"/>
      <line num="89" count="28" type="stmt"/>
      <line num="90" count="28" type="stmt"/>
      <line num="91" count="28" type="stmt"/>
      <line num="92" count="28" type="stmt"/>
      <line num="96" count="28" type="cond" truecount="2" falsecount="0"/>
      <line num="97" count="19" type="stmt"/>
      <line num="98" count="19" type="stmt"/>
      <line num="101" count="28" type="cond" truecount="2" falsecount="0"/>
      <line num="102" count="3" type="stmt"/>
      <line num="105" count="28" type="cond" truecount="2" falsecount="0"/>
      <line num="106" count="4" type="stmt"/>
      <line num="108" count="28" type="cond" truecount="2" falsecount="0"/>
      <line num="109" count="4" type="stmt"/>
      <line num="112" count="28" type="cond" truecount="2" falsecount="0"/>
      <line num="113" count="14" type="stmt"/>
      <line num="116" count="28" type="stmt"/>
      <line num="117" count="0" type="stmt"/>
      <line num="132" count="4" type="stmt"/>
      <line num="143" count="3" type="stmt"/>
      <line num="170" count="4" type="stmt"/>
      <line num="181" count="3" type="stmt"/>
      <line num="208" count="4" type="stmt"/>
      <line num="219" count="3" type="stmt"/>
    </file>
  </project>
</coverage>
