{"/Users/katherinewang/Desktop/Reservations/client/src/components/App.jsx": {"path":"/Users/katherinewang/Desktop/Reservations/client/src/components/App.jsx","statementMap":{"0":{"start":{"line":14,"column":4},"end":{"line":14,"column":17}},"1":{"start":{"line":16,"column":4},"end":{"line":41,"column":6}},"2":{"start":{"line":43,"column":4},"end":{"line":43,"column":49}},"3":{"start":{"line":44,"column":4},"end":{"line":44,"column":61}},"4":{"start":{"line":45,"column":4},"end":{"line":45,"column":63}},"5":{"start":{"line":46,"column":4},"end":{"line":46,"column":53}},"6":{"start":{"line":47,"column":4},"end":{"line":47,"column":49}},"7":{"start":{"line":48,"column":4},"end":{"line":48,"column":61}},"8":{"start":{"line":49,"column":4},"end":{"line":49,"column":53}},"9":{"start":{"line":50,"column":4},"end":{"line":50,"column":55}},"10":{"start":{"line":51,"column":4},"end":{"line":51,"column":53}},"11":{"start":{"line":52,"column":4},"end":{"line":52,"column":69}},"12":{"start":{"line":53,"column":4},"end":{"line":53,"column":51}},"13":{"start":{"line":54,"column":4},"end":{"line":54,"column":65}},"14":{"start":{"line":58,"column":4},"end":{"line":58,"column":22}},"15":{"start":{"line":64,"column":19},"end":{"line":64,"column":20}},"16":{"start":{"line":65,"column":4},"end":{"line":81,"column":9}},"17":{"start":{"line":68,"column":50},"end":{"line":68,"column":63}},"18":{"start":{"line":70,"column":8},"end":{"line":77,"column":11}},"19":{"start":{"line":74,"column":10},"end":{"line":76,"column":13}},"20":{"start":{"line":80,"column":8},"end":{"line":80,"column":15}},"21":{"start":{"line":85,"column":19},"end":{"line":85,"column":29}},"22":{"start":{"line":87,"column":4},"end":{"line":101,"column":5}},"23":{"start":{"line":88,"column":6},"end":{"line":93,"column":9}},"24":{"start":{"line":92,"column":8},"end":{"line":92,"column":28}},"25":{"start":{"line":95,"column":6},"end":{"line":100,"column":9}},"26":{"start":{"line":99,"column":8},"end":{"line":99,"column":28}},"27":{"start":{"line":106,"column":4},"end":{"line":110,"column":7}},"28":{"start":{"line":114,"column":4},"end":{"line":114,"column":54}},"29":{"start":{"line":115,"column":33},"end":{"line":115,"column":43}},"30":{"start":{"line":116,"column":4},"end":{"line":120,"column":7}},"31":{"start":{"line":119,"column":6},"end":{"line":119,"column":34}},"32":{"start":{"line":124,"column":4},"end":{"line":136,"column":5}},"33":{"start":{"line":125,"column":6},"end":{"line":129,"column":9}},"34":{"start":{"line":125,"column":34},"end":{"line":127,"column":7}},"35":{"start":{"line":128,"column":8},"end":{"line":128,"column":73}},"36":{"start":{"line":131,"column":6},"end":{"line":135,"column":9}},"37":{"start":{"line":131,"column":34},"end":{"line":133,"column":7}},"38":{"start":{"line":134,"column":8},"end":{"line":134,"column":72}},"39":{"start":{"line":140,"column":21},"end":{"line":140,"column":33}},"40":{"start":{"line":141,"column":4},"end":{"line":157,"column":7}},"41":{"start":{"line":144,"column":6},"end":{"line":156,"column":7}},"42":{"start":{"line":145,"column":8},"end":{"line":149,"column":11}},"43":{"start":{"line":145,"column":36},"end":{"line":147,"column":9}},"44":{"start":{"line":148,"column":10},"end":{"line":148,"column":78}},"45":{"start":{"line":151,"column":8},"end":{"line":155,"column":11}},"46":{"start":{"line":151,"column":36},"end":{"line":153,"column":9}},"47":{"start":{"line":154,"column":10},"end":{"line":154,"column":77}},"48":{"start":{"line":161,"column":4},"end":{"line":164,"column":7}},"49":{"start":{"line":168,"column":21},"end":{"line":168,"column":33}},"50":{"start":{"line":169,"column":4},"end":{"line":172,"column":8}},"51":{"start":{"line":169,"column":32},"end":{"line":172,"column":5}},"52":{"start":{"line":176,"column":15},"end":{"line":176,"column":30}},"53":{"start":{"line":177,"column":6},"end":{"line":177,"column":53}},"54":{"start":{"line":181,"column":4},"end":{"line":181,"column":24}},"55":{"start":{"line":182,"column":60},"end":{"line":182,"column":70}},"56":{"start":{"line":183,"column":4},"end":{"line":197,"column":5}},"57":{"start":{"line":184,"column":21},"end":{"line":184,"column":44}},"58":{"start":{"line":185,"column":22},"end":{"line":185,"column":46}},"59":{"start":{"line":186,"column":23},"end":{"line":186,"column":51}},"60":{"start":{"line":188,"column":6},"end":{"line":196,"column":7}},"61":{"start":{"line":189,"column":8},"end":{"line":193,"column":11}},"62":{"start":{"line":192,"column":10},"end":{"line":192,"column":56}},"63":{"start":{"line":195,"column":8},"end":{"line":195,"column":48}},"64":{"start":{"line":198,"column":4},"end":{"line":198,"column":11}},"65":{"start":{"line":202,"column":54},"end":{"line":202,"column":64}},"66":{"start":{"line":204,"column":19},"end":{"line":204,"column":42}},"67":{"start":{"line":205,"column":20},"end":{"line":205,"column":44}},"68":{"start":{"line":206,"column":24},"end":{"line":206,"column":26}},"69":{"start":{"line":207,"column":16},"end":{"line":207,"column":18}},"70":{"start":{"line":208,"column":16},"end":{"line":208,"column":17}},"71":{"start":{"line":210,"column":4},"end":{"line":212,"column":5}},"72":{"start":{"line":210,"column":17},"end":{"line":210,"column":31}},"73":{"start":{"line":211,"column":6},"end":{"line":211,"column":47}},"74":{"start":{"line":214,"column":4},"end":{"line":216,"column":5}},"75":{"start":{"line":214,"column":17},"end":{"line":214,"column":18}},"76":{"start":{"line":215,"column":6},"end":{"line":215,"column":41}},"77":{"start":{"line":218,"column":4},"end":{"line":234,"column":9}},"78":{"start":{"line":220,"column":32},"end":{"line":220,"column":74}},"79":{"start":{"line":220,"column":61},"end":{"line":220,"column":73}},"80":{"start":{"line":221,"column":33},"end":{"line":221,"column":70}},"81":{"start":{"line":221,"column":59},"end":{"line":221,"column":69}},"82":{"start":{"line":222,"column":8},"end":{"line":230,"column":9}},"83":{"start":{"line":222,"column":21},"end":{"line":222,"column":35}},"84":{"start":{"line":223,"column":22},"end":{"line":223,"column":44}},"85":{"start":{"line":224,"column":22},"end":{"line":224,"column":51}},"86":{"start":{"line":225,"column":10},"end":{"line":229,"column":11}},"87":{"start":{"line":226,"column":12},"end":{"line":226,"column":53}},"88":{"start":{"line":228,"column":12},"end":{"line":228,"column":42}},"89":{"start":{"line":231,"column":8},"end":{"line":233,"column":11}},"90":{"start":{"line":232,"column":10},"end":{"line":232,"column":50}},"91":{"start":{"line":238,"column":4},"end":{"line":238,"column":47}},"92":{"start":{"line":239,"column":105},"end":{"line":239,"column":115}},"93":{"start":{"line":240,"column":20},"end":{"line":240,"column":37}},"94":{"start":{"line":242,"column":21},"end":{"line":242,"column":22}},"95":{"start":{"line":244,"column":4},"end":{"line":248,"column":5}},"96":{"start":{"line":245,"column":21},"end":{"line":245,"column":44}},"97":{"start":{"line":246,"column":22},"end":{"line":246,"column":46}},"98":{"start":{"line":247,"column":6},"end":{"line":247,"column":48}},"99":{"start":{"line":250,"column":4},"end":{"line":254,"column":5}},"100":{"start":{"line":251,"column":6},"end":{"line":251,"column":87}},"101":{"start":{"line":253,"column":6},"end":{"line":253,"column":25}},"102":{"start":{"line":256,"column":4},"end":{"line":256,"column":61}},"103":{"start":{"line":258,"column":4},"end":{"line":262,"column":7}},"104":{"start":{"line":261,"column":6},"end":{"line":261,"column":17}},"105":{"start":{"line":266,"column":4},"end":{"line":267,"column":61}},"106":{"start":{"line":272,"column":124},"end":{"line":272,"column":134}},"107":{"start":{"line":274,"column":24},"end":{"line":274,"column":26}},"108":{"start":{"line":275,"column":25},"end":{"line":275,"column":27}},"109":{"start":{"line":277,"column":4},"end":{"line":281,"column":5}},"110":{"start":{"line":278,"column":6},"end":{"line":278,"column":52}},"111":{"start":{"line":279,"column":11},"end":{"line":281,"column":5}},"112":{"start":{"line":280,"column":6},"end":{"line":280,"column":51}},"113":{"start":{"line":283,"column":4},"end":{"line":287,"column":5}},"114":{"start":{"line":284,"column":6},"end":{"line":284,"column":36}},"115":{"start":{"line":285,"column":11},"end":{"line":287,"column":5}},"116":{"start":{"line":286,"column":6},"end":{"line":286,"column":46}},"117":{"start":{"line":291,"column":4},"end":{"line":300,"column":5}},"118":{"start":{"line":292,"column":6},"end":{"line":292,"column":63}},"119":{"start":{"line":293,"column":6},"end":{"line":293,"column":31}},"120":{"start":{"line":294,"column":11},"end":{"line":300,"column":5}},"121":{"start":{"line":295,"column":6},"end":{"line":295,"column":62}},"122":{"start":{"line":296,"column":6},"end":{"line":296,"column":32}},"123":{"start":{"line":298,"column":6},"end":{"line":298,"column":31}},"124":{"start":{"line":299,"column":6},"end":{"line":299,"column":32}},"125":{"start":{"line":303,"column":4},"end":{"line":309,"column":5}},"126":{"start":{"line":304,"column":6},"end":{"line":304,"column":69}},"127":{"start":{"line":305,"column":11},"end":{"line":309,"column":5}},"128":{"start":{"line":306,"column":6},"end":{"line":306,"column":43}},"129":{"start":{"line":308,"column":6},"end":{"line":308,"column":27}},"130":{"start":{"line":311,"column":24},"end":{"line":311,"column":58}},"131":{"start":{"line":312,"column":24},"end":{"line":312,"column":98}},"132":{"start":{"line":313,"column":20},"end":{"line":313,"column":96}},"133":{"start":{"line":316,"column":4},"end":{"line":400,"column":6}},"134":{"start":{"line":327,"column":50},"end":{"line":327,"column":78}},"135":{"start":{"line":343,"column":51},"end":{"line":343,"column":79}}},"fnMap":{"0":{"name":"(anonymous_0)","decl":{"start":{"line":13,"column":2},"end":{"line":13,"column":3}},"loc":{"start":{"line":13,"column":21},"end":{"line":55,"column":3}},"line":13},"1":{"name":"(anonymous_1)","decl":{"start":{"line":57,"column":2},"end":{"line":57,"column":3}},"loc":{"start":{"line":57,"column":22},"end":{"line":59,"column":3}},"line":57},"2":{"name":"(anonymous_2)","decl":{"start":{"line":62,"column":2},"end":{"line":62,"column":3}},"loc":{"start":{"line":62,"column":15},"end":{"line":82,"column":3}},"line":62},"3":{"name":"(anonymous_3)","decl":{"start":{"line":66,"column":12},"end":{"line":66,"column":13}},"loc":{"start":{"line":66,"column":26},"end":{"line":78,"column":7}},"line":66},"4":{"name":"(anonymous_4)","decl":{"start":{"line":73,"column":11},"end":{"line":73,"column":12}},"loc":{"start":{"line":73,"column":17},"end":{"line":77,"column":9}},"line":73},"5":{"name":"(anonymous_5)","decl":{"start":{"line":79,"column":13},"end":{"line":79,"column":14}},"loc":{"start":{"line":79,"column":24},"end":{"line":81,"column":7}},"line":79},"6":{"name":"(anonymous_6)","decl":{"start":{"line":84,"column":2},"end":{"line":84,"column":3}},"loc":{"start":{"line":84,"column":25},"end":{"line":102,"column":3}},"line":84},"7":{"name":"(anonymous_7)","decl":{"start":{"line":91,"column":9},"end":{"line":91,"column":10}},"loc":{"start":{"line":91,"column":15},"end":{"line":93,"column":7}},"line":91},"8":{"name":"(anonymous_8)","decl":{"start":{"line":98,"column":9},"end":{"line":98,"column":10}},"loc":{"start":{"line":98,"column":15},"end":{"line":100,"column":7}},"line":98},"9":{"name":"(anonymous_9)","decl":{"start":{"line":105,"column":2},"end":{"line":105,"column":3}},"loc":{"start":{"line":105,"column":23},"end":{"line":111,"column":3}},"line":105},"10":{"name":"(anonymous_10)","decl":{"start":{"line":113,"column":2},"end":{"line":113,"column":3}},"loc":{"start":{"line":113,"column":34},"end":{"line":121,"column":3}},"line":113},"11":{"name":"(anonymous_11)","decl":{"start":{"line":118,"column":7},"end":{"line":118,"column":8}},"loc":{"start":{"line":118,"column":13},"end":{"line":120,"column":5}},"line":118},"12":{"name":"(anonymous_12)","decl":{"start":{"line":123,"column":2},"end":{"line":123,"column":3}},"loc":{"start":{"line":123,"column":17},"end":{"line":137,"column":3}},"line":123},"13":{"name":"(anonymous_13)","decl":{"start":{"line":125,"column":20},"end":{"line":125,"column":21}},"loc":{"start":{"line":125,"column":34},"end":{"line":127,"column":7}},"line":125},"14":{"name":"(anonymous_14)","decl":{"start":{"line":127,"column":10},"end":{"line":127,"column":11}},"loc":{"start":{"line":127,"column":16},"end":{"line":129,"column":7}},"line":127},"15":{"name":"(anonymous_15)","decl":{"start":{"line":131,"column":20},"end":{"line":131,"column":21}},"loc":{"start":{"line":131,"column":34},"end":{"line":133,"column":7}},"line":131},"16":{"name":"(anonymous_16)","decl":{"start":{"line":133,"column":10},"end":{"line":133,"column":11}},"loc":{"start":{"line":133,"column":16},"end":{"line":135,"column":7}},"line":133},"17":{"name":"(anonymous_17)","decl":{"start":{"line":139,"column":2},"end":{"line":139,"column":3}},"loc":{"start":{"line":139,"column":25},"end":{"line":158,"column":3}},"line":139},"18":{"name":"(anonymous_18)","decl":{"start":{"line":143,"column":7},"end":{"line":143,"column":8}},"loc":{"start":{"line":143,"column":13},"end":{"line":157,"column":5}},"line":143},"19":{"name":"(anonymous_19)","decl":{"start":{"line":145,"column":22},"end":{"line":145,"column":23}},"loc":{"start":{"line":145,"column":36},"end":{"line":147,"column":9}},"line":145},"20":{"name":"(anonymous_20)","decl":{"start":{"line":147,"column":12},"end":{"line":147,"column":13}},"loc":{"start":{"line":147,"column":18},"end":{"line":149,"column":9}},"line":147},"21":{"name":"(anonymous_21)","decl":{"start":{"line":151,"column":22},"end":{"line":151,"column":23}},"loc":{"start":{"line":151,"column":36},"end":{"line":153,"column":9}},"line":151},"22":{"name":"(anonymous_22)","decl":{"start":{"line":153,"column":12},"end":{"line":153,"column":13}},"loc":{"start":{"line":153,"column":18},"end":{"line":155,"column":9}},"line":153},"23":{"name":"(anonymous_23)","decl":{"start":{"line":160,"column":2},"end":{"line":160,"column":3}},"loc":{"start":{"line":160,"column":17},"end":{"line":165,"column":3}},"line":160},"24":{"name":"(anonymous_24)","decl":{"start":{"line":167,"column":2},"end":{"line":167,"column":3}},"loc":{"start":{"line":167,"column":20},"end":{"line":173,"column":3}},"line":167},"25":{"name":"(anonymous_25)","decl":{"start":{"line":169,"column":18},"end":{"line":169,"column":19}},"loc":{"start":{"line":169,"column":32},"end":{"line":172,"column":5}},"line":169},"26":{"name":"(anonymous_26)","decl":{"start":{"line":175,"column":2},"end":{"line":175,"column":3}},"loc":{"start":{"line":175,"column":25},"end":{"line":178,"column":3}},"line":175},"27":{"name":"(anonymous_27)","decl":{"start":{"line":180,"column":2},"end":{"line":180,"column":3}},"loc":{"start":{"line":180,"column":25},"end":{"line":199,"column":3}},"line":180},"28":{"name":"(anonymous_28)","decl":{"start":{"line":191,"column":11},"end":{"line":191,"column":12}},"loc":{"start":{"line":191,"column":17},"end":{"line":193,"column":9}},"line":191},"29":{"name":"(anonymous_29)","decl":{"start":{"line":201,"column":2},"end":{"line":201,"column":3}},"loc":{"start":{"line":201,"column":18},"end":{"line":235,"column":3}},"line":201},"30":{"name":"(anonymous_30)","decl":{"start":{"line":219,"column":12},"end":{"line":219,"column":13}},"loc":{"start":{"line":219,"column":26},"end":{"line":234,"column":7}},"line":219},"31":{"name":"(anonymous_31)","decl":{"start":{"line":220,"column":50},"end":{"line":220,"column":51}},"loc":{"start":{"line":220,"column":61},"end":{"line":220,"column":73}},"line":220},"32":{"name":"(anonymous_32)","decl":{"start":{"line":221,"column":51},"end":{"line":221,"column":52}},"loc":{"start":{"line":221,"column":59},"end":{"line":221,"column":69}},"line":221},"33":{"name":"(anonymous_33)","decl":{"start":{"line":231,"column":45},"end":{"line":231,"column":46}},"loc":{"start":{"line":231,"column":51},"end":{"line":233,"column":9}},"line":231},"34":{"name":"(anonymous_34)","decl":{"start":{"line":237,"column":2},"end":{"line":237,"column":3}},"loc":{"start":{"line":237,"column":44},"end":{"line":263,"column":3}},"line":237},"35":{"name":"(anonymous_35)","decl":{"start":{"line":237,"column":34},"end":{"line":237,"column":35}},"loc":{"start":{"line":237,"column":40},"end":{"line":237,"column":42}},"line":237},"36":{"name":"(anonymous_36)","decl":{"start":{"line":260,"column":7},"end":{"line":260,"column":8}},"loc":{"start":{"line":260,"column":13},"end":{"line":262,"column":5}},"line":260},"37":{"name":"(anonymous_37)","decl":{"start":{"line":265,"column":2},"end":{"line":265,"column":3}},"loc":{"start":{"line":265,"column":22},"end":{"line":268,"column":3}},"line":265},"38":{"name":"(anonymous_38)","decl":{"start":{"line":270,"column":2},"end":{"line":270,"column":3}},"loc":{"start":{"line":270,"column":11},"end":{"line":401,"column":3}},"line":270},"39":{"name":"(anonymous_39)","decl":{"start":{"line":327,"column":38},"end":{"line":327,"column":39}},"loc":{"start":{"line":327,"column":49},"end":{"line":327,"column":79}},"line":327},"40":{"name":"(anonymous_40)","decl":{"start":{"line":343,"column":39},"end":{"line":343,"column":40}},"loc":{"start":{"line":343,"column":50},"end":{"line":343,"column":80}},"line":343}},"branchMap":{"0":{"loc":{"start":{"line":87,"column":4},"end":{"line":101,"column":5}},"type":"if","locations":[{"start":{"line":87,"column":4},"end":{"line":101,"column":5}},{"start":{"line":87,"column":4},"end":{"line":101,"column":5}}],"line":87},"1":{"loc":{"start":{"line":124,"column":4},"end":{"line":136,"column":5}},"type":"if","locations":[{"start":{"line":124,"column":4},"end":{"line":136,"column":5}},{"start":{"line":124,"column":4},"end":{"line":136,"column":5}}],"line":124},"2":{"loc":{"start":{"line":144,"column":6},"end":{"line":156,"column":7}},"type":"if","locations":[{"start":{"line":144,"column":6},"end":{"line":156,"column":7}},{"start":{"line":144,"column":6},"end":{"line":156,"column":7}}],"line":144},"3":{"loc":{"start":{"line":183,"column":4},"end":{"line":197,"column":5}},"type":"if","locations":[{"start":{"line":183,"column":4},"end":{"line":197,"column":5}},{"start":{"line":183,"column":4},"end":{"line":197,"column":5}}],"line":183},"4":{"loc":{"start":{"line":183,"column":8},"end":{"line":183,"column":43}},"type":"binary-expr","locations":[{"start":{"line":183,"column":8},"end":{"line":183,"column":23}},{"start":{"line":183,"column":27},"end":{"line":183,"column":43}}],"line":183},"5":{"loc":{"start":{"line":188,"column":6},"end":{"line":196,"column":7}},"type":"if","locations":[{"start":{"line":188,"column":6},"end":{"line":196,"column":7}},{"start":{"line":188,"column":6},"end":{"line":196,"column":7}}],"line":188},"6":{"loc":{"start":{"line":225,"column":10},"end":{"line":229,"column":11}},"type":"if","locations":[{"start":{"line":225,"column":10},"end":{"line":229,"column":11}},{"start":{"line":225,"column":10},"end":{"line":229,"column":11}}],"line":225},"7":{"loc":{"start":{"line":237,"column":23},"end":{"line":237,"column":42}},"type":"default-arg","locations":[{"start":{"line":237,"column":34},"end":{"line":237,"column":42}}],"line":237},"8":{"loc":{"start":{"line":244,"column":4},"end":{"line":248,"column":5}},"type":"if","locations":[{"start":{"line":244,"column":4},"end":{"line":248,"column":5}},{"start":{"line":244,"column":4},"end":{"line":248,"column":5}}],"line":244},"9":{"loc":{"start":{"line":244,"column":8},"end":{"line":244,"column":43}},"type":"binary-expr","locations":[{"start":{"line":244,"column":8},"end":{"line":244,"column":23}},{"start":{"line":244,"column":27},"end":{"line":244,"column":43}}],"line":244},"10":{"loc":{"start":{"line":250,"column":4},"end":{"line":254,"column":5}},"type":"if","locations":[{"start":{"line":250,"column":4},"end":{"line":254,"column":5}},{"start":{"line":250,"column":4},"end":{"line":254,"column":5}}],"line":250},"11":{"loc":{"start":{"line":277,"column":4},"end":{"line":281,"column":5}},"type":"if","locations":[{"start":{"line":277,"column":4},"end":{"line":281,"column":5}},{"start":{"line":277,"column":4},"end":{"line":281,"column":5}}],"line":277},"12":{"loc":{"start":{"line":279,"column":11},"end":{"line":281,"column":5}},"type":"if","locations":[{"start":{"line":279,"column":11},"end":{"line":281,"column":5}},{"start":{"line":279,"column":11},"end":{"line":281,"column":5}}],"line":279},"13":{"loc":{"start":{"line":283,"column":4},"end":{"line":287,"column":5}},"type":"if","locations":[{"start":{"line":283,"column":4},"end":{"line":287,"column":5}},{"start":{"line":283,"column":4},"end":{"line":287,"column":5}}],"line":283},"14":{"loc":{"start":{"line":285,"column":11},"end":{"line":287,"column":5}},"type":"if","locations":[{"start":{"line":285,"column":11},"end":{"line":287,"column":5}},{"start":{"line":285,"column":11},"end":{"line":287,"column":5}}],"line":285},"15":{"loc":{"start":{"line":291,"column":4},"end":{"line":300,"column":5}},"type":"if","locations":[{"start":{"line":291,"column":4},"end":{"line":300,"column":5}},{"start":{"line":291,"column":4},"end":{"line":300,"column":5}}],"line":291},"16":{"loc":{"start":{"line":294,"column":11},"end":{"line":300,"column":5}},"type":"if","locations":[{"start":{"line":294,"column":11},"end":{"line":300,"column":5}},{"start":{"line":294,"column":11},"end":{"line":300,"column":5}}],"line":294},"17":{"loc":{"start":{"line":303,"column":4},"end":{"line":309,"column":5}},"type":"if","locations":[{"start":{"line":303,"column":4},"end":{"line":309,"column":5}},{"start":{"line":303,"column":4},"end":{"line":309,"column":5}}],"line":303},"18":{"loc":{"start":{"line":305,"column":11},"end":{"line":309,"column":5}},"type":"if","locations":[{"start":{"line":305,"column":11},"end":{"line":309,"column":5}},{"start":{"line":305,"column":11},"end":{"line":309,"column":5}}],"line":305},"19":{"loc":{"start":{"line":305,"column":15},"end":{"line":305,"column":49}},"type":"binary-expr","locations":[{"start":{"line":305,"column":15},"end":{"line":305,"column":24}},{"start":{"line":305,"column":28},"end":{"line":305,"column":49}}],"line":305},"20":{"loc":{"start":{"line":319,"column":45},"end":{"line":319,"column":102}},"type":"binary-expr","locations":[{"start":{"line":319,"column":45},"end":{"line":319,"column":71}},{"start":{"line":319,"column":75},"end":{"line":319,"column":102}}],"line":319},"21":{"loc":{"start":{"line":328,"column":18},"end":{"line":328,"column":88}},"type":"cond-expr","locations":[{"start":{"line":328,"column":36},"end":{"line":328,"column":74}},{"start":{"line":328,"column":77},"end":{"line":328,"column":88}}],"line":328},"22":{"loc":{"start":{"line":344,"column":18},"end":{"line":344,"column":91}},"type":"cond-expr","locations":[{"start":{"line":344,"column":37},"end":{"line":344,"column":76}},{"start":{"line":344,"column":79},"end":{"line":344,"column":91}}],"line":344},"23":{"loc":{"start":{"line":349,"column":12},"end":{"line":352,"column":18}},"type":"cond-expr","locations":[{"start":{"line":350,"column":10},"end":{"line":351,"column":78}},{"start":{"line":352,"column":14},"end":{"line":352,"column":18}}],"line":349},"24":{"loc":{"start":{"line":366,"column":12},"end":{"line":396,"column":16}},"type":"cond-expr","locations":[{"start":{"line":367,"column":10},"end":{"line":395,"column":16}},{"start":{"line":396,"column":12},"end":{"line":396,"column":16}}],"line":366},"25":{"loc":{"start":{"line":368,"column":91},"end":{"line":368,"column":124}},"type":"cond-expr","locations":[{"start":{"line":368,"column":106},"end":{"line":368,"column":114}},{"start":{"line":368,"column":117},"end":{"line":368,"column":124}}],"line":368}},"s":{"0":1,"1":1,"2":1,"3":1,"4":1,"5":1,"6":1,"7":1,"8":1,"9":1,"10":1,"11":1,"12":1,"13":1,"14":0,"15":0,"16":0,"17":0,"18":0,"19":0,"20":0,"21":0,"22":0,"23":0,"24":0,"25":0,"26":0,"27":0,"28":0,"29":0,"30":0,"31":0,"32":0,"33":0,"34":0,"35":0,"36":0,"37":0,"38":0,"39":0,"40":0,"41":0,"42":0,"43":0,"44":0,"45":0,"46":0,"47":0,"48":0,"49":0,"50":0,"51":0,"52":0,"53":0,"54":0,"55":0,"56":0,"57":0,"58":0,"59":0,"60":0,"61":0,"62":0,"63":0,"64":0,"65":0,"66":0,"67":0,"68":0,"69":0,"70":0,"71":0,"72":0,"73":0,"74":0,"75":0,"76":0,"77":0,"78":0,"79":0,"80":0,"81":0,"82":0,"83":0,"84":0,"85":0,"86":0,"87":0,"88":0,"89":0,"90":0,"91":0,"92":0,"93":0,"94":0,"95":0,"96":0,"97":0,"98":0,"99":0,"100":0,"101":0,"102":0,"103":0,"104":0,"105":1,"106":1,"107":1,"108":1,"109":1,"110":0,"111":1,"112":1,"113":1,"114":0,"115":1,"116":0,"117":1,"118":0,"119":0,"120":1,"121":0,"122":0,"123":1,"124":1,"125":1,"126":0,"127":1,"128":0,"129":1,"130":1,"131":1,"132":1,"133":1,"134":0,"135":0},"f":{"0":1,"1":0,"2":0,"3":0,"4":0,"5":0,"6":0,"7":0,"8":0,"9":0,"10":0,"11":0,"12":0,"13":0,"14":0,"15":0,"16":0,"17":0,"18":0,"19":0,"20":0,"21":0,"22":0,"23":0,"24":0,"25":0,"26":0,"27":0,"28":0,"29":0,"30":0,"31":0,"32":0,"33":0,"34":0,"35":0,"36":0,"37":1,"38":1,"39":0,"40":0},"b":{"0":[0,0],"1":[0,0],"2":[0,0],"3":[0,0],"4":[0,0],"5":[0,0],"6":[0,0],"7":[0],"8":[0,0],"9":[0,0],"10":[0,0],"11":[0,1],"12":[1,0],"13":[0,1],"14":[0,1],"15":[0,1],"16":[0,1],"17":[0,1],"18":[0,1],"19":[1,1],"20":[1,0],"21":[0,1],"22":[0,1],"23":[0,1],"24":[0,1],"25":[0,0]},"_coverageSchema":"43e27e138ebf9cfc5966b082cf9a028302ed4184","hash":"e55148c8f18a93419ba1d7ec20171bf9d3447505"}
,"/Users/katherinewang/Desktop/Reservations/client/src/components/Calendar.jsx": {"path":"/Users/katherinewang/Desktop/Reservations/client/src/components/Calendar.jsx","statementMap":{"0":{"start":{"line":8,"column":15},"end":{"line":8,"column":35}},"1":{"start":{"line":12,"column":4},"end":{"line":12,"column":17}},"2":{"start":{"line":14,"column":4},"end":{"line":26,"column":6}},"3":{"start":{"line":28,"column":4},"end":{"line":28,"column":61}},"4":{"start":{"line":29,"column":4},"end":{"line":29,"column":47}},"5":{"start":{"line":30,"column":4},"end":{"line":30,"column":57}},"6":{"start":{"line":31,"column":4},"end":{"line":31,"column":57}},"7":{"start":{"line":32,"column":4},"end":{"line":32,"column":63}},"8":{"start":{"line":33,"column":4},"end":{"line":33,"column":49}},"9":{"start":{"line":34,"column":4},"end":{"line":34,"column":53}},"10":{"start":{"line":35,"column":4},"end":{"line":35,"column":83}},"11":{"start":{"line":36,"column":4},"end":{"line":36,"column":53}},"12":{"start":{"line":40,"column":4},"end":{"line":40,"column":28}},"13":{"start":{"line":44,"column":4},"end":{"line":44,"column":71}},"14":{"start":{"line":45,"column":4},"end":{"line":45,"column":30}},"15":{"start":{"line":49,"column":42},"end":{"line":49,"column":52}},"16":{"start":{"line":50,"column":4},"end":{"line":58,"column":41}},"17":{"start":{"line":51,"column":24},"end":{"line":57,"column":8}},"18":{"start":{"line":54,"column":8},"end":{"line":56,"column":11}},"19":{"start":{"line":58,"column":26},"end":{"line":58,"column":37}},"20":{"start":{"line":65,"column":8},"end":{"line":65,"column":18}},"21":{"start":{"line":67,"column":21},"end":{"line":67,"column":31}},"22":{"start":{"line":69,"column":4},"end":{"line":71,"column":5}},"23":{"start":{"line":70,"column":6},"end":{"line":70,"column":52}},"24":{"start":{"line":72,"column":4},"end":{"line":74,"column":5}},"25":{"start":{"line":73,"column":6},"end":{"line":73,"column":53}},"26":{"start":{"line":76,"column":4},"end":{"line":85,"column":5}},"27":{"start":{"line":77,"column":27},"end":{"line":77,"column":74}},"28":{"start":{"line":78,"column":28},"end":{"line":78,"column":76}},"29":{"start":{"line":80,"column":6},"end":{"line":84,"column":7}},"30":{"start":{"line":81,"column":8},"end":{"line":81,"column":35}},"31":{"start":{"line":83,"column":8},"end":{"line":83,"column":36}},"32":{"start":{"line":87,"column":18},"end":{"line":87,"column":67}},"33":{"start":{"line":88,"column":4},"end":{"line":90,"column":5}},"34":{"start":{"line":89,"column":6},"end":{"line":89,"column":34}},"35":{"start":{"line":92,"column":4},"end":{"line":100,"column":5}},"36":{"start":{"line":93,"column":6},"end":{"line":95,"column":7}},"37":{"start":{"line":94,"column":8},"end":{"line":94,"column":36}},"38":{"start":{"line":96,"column":11},"end":{"line":100,"column":5}},"39":{"start":{"line":97,"column":6},"end":{"line":99,"column":7}},"40":{"start":{"line":98,"column":8},"end":{"line":98,"column":36}},"41":{"start":{"line":101,"column":4},"end":{"line":101,"column":30}},"42":{"start":{"line":105,"column":83},"end":{"line":105,"column":93}},"43":{"start":{"line":106,"column":18},"end":{"line":106,"column":67}},"44":{"start":{"line":108,"column":4},"end":{"line":118,"column":5}},"45":{"start":{"line":109,"column":6},"end":{"line":109,"column":34}},"46":{"start":{"line":111,"column":6},"end":{"line":117,"column":7}},"47":{"start":{"line":112,"column":8},"end":{"line":112,"column":36}},"48":{"start":{"line":113,"column":13},"end":{"line":117,"column":7}},"49":{"start":{"line":114,"column":8},"end":{"line":114,"column":36}},"50":{"start":{"line":116,"column":8},"end":{"line":116,"column":34}},"51":{"start":{"line":123,"column":68},"end":{"line":123,"column":78}},"52":{"start":{"line":125,"column":18},"end":{"line":125,"column":67}},"53":{"start":{"line":126,"column":4},"end":{"line":128,"column":5}},"54":{"start":{"line":127,"column":6},"end":{"line":127,"column":34}},"55":{"start":{"line":130,"column":4},"end":{"line":150,"column":5}},"56":{"start":{"line":131,"column":6},"end":{"line":131,"column":34}},"57":{"start":{"line":133,"column":6},"end":{"line":144,"column":7}},"58":{"start":{"line":134,"column":8},"end":{"line":136,"column":9}},"59":{"start":{"line":135,"column":10},"end":{"line":135,"column":38}},"60":{"start":{"line":137,"column":8},"end":{"line":141,"column":9}},"61":{"start":{"line":138,"column":10},"end":{"line":140,"column":11}},"62":{"start":{"line":139,"column":12},"end":{"line":139,"column":40}},"63":{"start":{"line":142,"column":13},"end":{"line":144,"column":7}},"64":{"start":{"line":143,"column":8},"end":{"line":143,"column":36}},"65":{"start":{"line":145,"column":6},"end":{"line":149,"column":7}},"66":{"start":{"line":146,"column":8},"end":{"line":146,"column":36}},"67":{"start":{"line":148,"column":8},"end":{"line":148,"column":34}},"68":{"start":{"line":154,"column":83},"end":{"line":154,"column":93}},"69":{"start":{"line":155,"column":30},"end":{"line":155,"column":40}},"70":{"start":{"line":158,"column":28},"end":{"line":161,"column":6}},"71":{"start":{"line":159,"column":19},"end":{"line":159,"column":62}},"72":{"start":{"line":160,"column":6},"end":{"line":160,"column":40}},"73":{"start":{"line":163,"column":4},"end":{"line":173,"column":5}},"74":{"start":{"line":164,"column":20},"end":{"line":164,"column":41}},"75":{"start":{"line":165,"column":26},"end":{"line":165,"column":62}},"76":{"start":{"line":166,"column":20},"end":{"line":166,"column":64}},"77":{"start":{"line":168,"column":6},"end":{"line":172,"column":7}},"78":{"start":{"line":168,"column":19},"end":{"line":168,"column":20}},"79":{"start":{"line":169,"column":8},"end":{"line":171,"column":9}},"80":{"start":{"line":170,"column":10},"end":{"line":170,"column":50}},"81":{"start":{"line":175,"column":4},"end":{"line":188,"column":5}},"82":{"start":{"line":176,"column":6},"end":{"line":176,"column":32}},"83":{"start":{"line":177,"column":21},"end":{"line":177,"column":43}},"84":{"start":{"line":178,"column":25},"end":{"line":178,"column":67}},"85":{"start":{"line":179,"column":20},"end":{"line":179,"column":64}},"86":{"start":{"line":180,"column":6},"end":{"line":186,"column":7}},"87":{"start":{"line":180,"column":19},"end":{"line":180,"column":20}},"88":{"start":{"line":181,"column":31},"end":{"line":181,"column":74}},"89":{"start":{"line":182,"column":8},"end":{"line":185,"column":9}},"90":{"start":{"line":183,"column":10},"end":{"line":184,"column":13}},"91":{"start":{"line":187,"column":6},"end":{"line":187,"column":68}},"92":{"start":{"line":189,"column":4},"end":{"line":189,"column":15}},"93":{"start":{"line":194,"column":42},"end":{"line":194,"column":52}},"94":{"start":{"line":195,"column":21},"end":{"line":195,"column":68}},"95":{"start":{"line":196,"column":4},"end":{"line":196,"column":20}},"96":{"start":{"line":200,"column":42},"end":{"line":200,"column":52}},"97":{"start":{"line":201,"column":4},"end":{"line":201,"column":64}},"98":{"start":{"line":206,"column":42},"end":{"line":206,"column":52}},"99":{"start":{"line":208,"column":4},"end":{"line":228,"column":5}},"100":{"start":{"line":209,"column":23},"end":{"line":209,"column":46}},"101":{"start":{"line":210,"column":23},"end":{"line":210,"column":69}},"102":{"start":{"line":212,"column":6},"end":{"line":217,"column":9}},"103":{"start":{"line":216,"column":8},"end":{"line":216,"column":32}},"104":{"start":{"line":219,"column":23},"end":{"line":219,"column":49}},"105":{"start":{"line":220,"column":24},"end":{"line":220,"column":71}},"106":{"start":{"line":222,"column":6},"end":{"line":227,"column":9}},"107":{"start":{"line":226,"column":8},"end":{"line":226,"column":32}},"108":{"start":{"line":232,"column":4},"end":{"line":232,"column":27}},"109":{"start":{"line":233,"column":42},"end":{"line":233,"column":52}},"110":{"start":{"line":234,"column":4},"end":{"line":244,"column":7}},"111":{"start":{"line":242,"column":6},"end":{"line":242,"column":30}},"112":{"start":{"line":243,"column":6},"end":{"line":243,"column":38}},"113":{"start":{"line":248,"column":42},"end":{"line":248,"column":52}},"114":{"start":{"line":250,"column":4},"end":{"line":250,"column":21}},"115":{"start":{"line":251,"column":4},"end":{"line":253,"column":5}},"116":{"start":{"line":252,"column":6},"end":{"line":252,"column":24}},"117":{"start":{"line":255,"column":16},"end":{"line":255,"column":37}},"118":{"start":{"line":256,"column":4},"end":{"line":258,"column":5}},"119":{"start":{"line":257,"column":6},"end":{"line":257,"column":26}},"120":{"start":{"line":259,"column":21},"end":{"line":259,"column":54}},"121":{"start":{"line":261,"column":4},"end":{"line":277,"column":5}},"122":{"start":{"line":262,"column":6},"end":{"line":268,"column":9}},"123":{"start":{"line":265,"column":8},"end":{"line":267,"column":11}},"124":{"start":{"line":266,"column":10},"end":{"line":266,"column":48}},"125":{"start":{"line":270,"column":6},"end":{"line":276,"column":9}},"126":{"start":{"line":273,"column":8},"end":{"line":275,"column":11}},"127":{"start":{"line":274,"column":10},"end":{"line":274,"column":48}},"128":{"start":{"line":282,"column":29},"end":{"line":282,"column":39}},"129":{"start":{"line":283,"column":19},"end":{"line":284,"column":53}},"130":{"start":{"line":285,"column":4},"end":{"line":285,"column":32}},"131":{"start":{"line":290,"column":69},"end":{"line":290,"column":79}},"132":{"start":{"line":291,"column":24},"end":{"line":291,"column":64}},"133":{"start":{"line":293,"column":18},"end":{"line":293,"column":33}},"134":{"start":{"line":294,"column":38},"end":{"line":294,"column":48}},"135":{"start":{"line":296,"column":17},"end":{"line":296,"column":59}},"136":{"start":{"line":297,"column":26},"end":{"line":301,"column":6}},"137":{"start":{"line":298,"column":6},"end":{"line":300,"column":8}},"138":{"start":{"line":303,"column":19},"end":{"line":303,"column":21}},"139":{"start":{"line":304,"column":4},"end":{"line":308,"column":5}},"140":{"start":{"line":304,"column":17},"end":{"line":304,"column":18}},"141":{"start":{"line":305,"column":6},"end":{"line":307,"column":8}},"142":{"start":{"line":310,"column":25},"end":{"line":310,"column":27}},"143":{"start":{"line":311,"column":24},"end":{"line":311,"column":45}},"144":{"start":{"line":313,"column":4},"end":{"line":322,"column":5}},"145":{"start":{"line":313,"column":17},"end":{"line":313,"column":18}},"146":{"start":{"line":314,"column":23},"end":{"line":314,"column":69}},"147":{"start":{"line":315,"column":6},"end":{"line":315,"column":52}},"148":{"start":{"line":316,"column":23},"end":{"line":316,"column":54}},"149":{"start":{"line":318,"column":6},"end":{"line":321,"column":8}},"150":{"start":{"line":319,"column":40},"end":{"line":319,"column":67}},"151":{"start":{"line":324,"column":26},"end":{"line":324,"column":53}},"152":{"start":{"line":326,"column":21},"end":{"line":326,"column":23}},"153":{"start":{"line":327,"column":19},"end":{"line":327,"column":21}},"154":{"start":{"line":328,"column":4},"end":{"line":339,"column":5}},"155":{"start":{"line":328,"column":17},"end":{"line":328,"column":18}},"156":{"start":{"line":329,"column":6},"end":{"line":335,"column":7}},"157":{"start":{"line":330,"column":8},"end":{"line":330,"column":32}},"158":{"start":{"line":331,"column":8},"end":{"line":331,"column":22}},"159":{"start":{"line":332,"column":8},"end":{"line":332,"column":40}},"160":{"start":{"line":334,"column":8},"end":{"line":334,"column":40}},"161":{"start":{"line":336,"column":6},"end":{"line":338,"column":7}},"162":{"start":{"line":337,"column":8},"end":{"line":337,"column":32}},"163":{"start":{"line":341,"column":25},"end":{"line":346,"column":6}},"164":{"start":{"line":342,"column":6},"end":{"line":345,"column":8}},"165":{"start":{"line":348,"column":4},"end":{"line":400,"column":6}},"166":{"start":{"line":353,"column":8},"end":{"line":353,"column":34}},"167":{"start":{"line":366,"column":46},"end":{"line":366,"column":83}},"168":{"start":{"line":377,"column":45},"end":{"line":377,"column":83}},"169":{"start":{"line":394,"column":52},"end":{"line":394,"column":74}}},"fnMap":{"0":{"name":"(anonymous_0)","decl":{"start":{"line":11,"column":2},"end":{"line":11,"column":3}},"loc":{"start":{"line":11,"column":21},"end":{"line":37,"column":3}},"line":11},"1":{"name":"(anonymous_1)","decl":{"start":{"line":39,"column":2},"end":{"line":39,"column":3}},"loc":{"start":{"line":39,"column":22},"end":{"line":41,"column":3}},"line":39},"2":{"name":"(anonymous_2)","decl":{"start":{"line":43,"column":2},"end":{"line":43,"column":3}},"loc":{"start":{"line":43,"column":23},"end":{"line":46,"column":3}},"line":43},"3":{"name":"(anonymous_3)","decl":{"start":{"line":48,"column":2},"end":{"line":48,"column":3}},"loc":{"start":{"line":48,"column":21},"end":{"line":59,"column":3}},"line":48},"4":{"name":"(anonymous_4)","decl":{"start":{"line":51,"column":12},"end":{"line":51,"column":13}},"loc":{"start":{"line":51,"column":24},"end":{"line":57,"column":8}},"line":51},"5":{"name":"(anonymous_5)","decl":{"start":{"line":53,"column":9},"end":{"line":53,"column":10}},"loc":{"start":{"line":53,"column":15},"end":{"line":57,"column":7}},"line":53},"6":{"name":"(anonymous_6)","decl":{"start":{"line":58,"column":13},"end":{"line":58,"column":14}},"loc":{"start":{"line":58,"column":24},"end":{"line":58,"column":39}},"line":58},"7":{"name":"(anonymous_7)","decl":{"start":{"line":61,"column":2},"end":{"line":61,"column":3}},"loc":{"start":{"line":61,"column":18},"end":{"line":102,"column":3}},"line":61},"8":{"name":"(anonymous_8)","decl":{"start":{"line":104,"column":2},"end":{"line":104,"column":3}},"loc":{"start":{"line":104,"column":36},"end":{"line":119,"column":3}},"line":104},"9":{"name":"(anonymous_9)","decl":{"start":{"line":121,"column":2},"end":{"line":121,"column":3}},"loc":{"start":{"line":121,"column":37},"end":{"line":151,"column":3}},"line":121},"10":{"name":"(anonymous_10)","decl":{"start":{"line":153,"column":2},"end":{"line":153,"column":3}},"loc":{"start":{"line":153,"column":25},"end":{"line":190,"column":3}},"line":153},"11":{"name":"(anonymous_11)","decl":{"start":{"line":158,"column":41},"end":{"line":158,"column":42}},"loc":{"start":{"line":158,"column":50},"end":{"line":161,"column":5}},"line":158},"12":{"name":"(anonymous_12)","decl":{"start":{"line":183,"column":51},"end":{"line":183,"column":52}},"loc":{"start":{"line":183,"column":57},"end":{"line":184,"column":11}},"line":183},"13":{"name":"(anonymous_13)","decl":{"start":{"line":192,"column":2},"end":{"line":192,"column":3}},"loc":{"start":{"line":192,"column":19},"end":{"line":197,"column":3}},"line":192},"14":{"name":"(anonymous_14)","decl":{"start":{"line":199,"column":2},"end":{"line":199,"column":3}},"loc":{"start":{"line":199,"column":19},"end":{"line":202,"column":3}},"line":199},"15":{"name":"(anonymous_15)","decl":{"start":{"line":205,"column":2},"end":{"line":205,"column":3}},"loc":{"start":{"line":205,"column":38},"end":{"line":229,"column":3}},"line":205},"16":{"name":"(anonymous_16)","decl":{"start":{"line":215,"column":9},"end":{"line":215,"column":10}},"loc":{"start":{"line":215,"column":15},"end":{"line":217,"column":7}},"line":215},"17":{"name":"(anonymous_17)","decl":{"start":{"line":225,"column":9},"end":{"line":225,"column":10}},"loc":{"start":{"line":225,"column":15},"end":{"line":227,"column":7}},"line":225},"18":{"name":"(anonymous_18)","decl":{"start":{"line":231,"column":2},"end":{"line":231,"column":3}},"loc":{"start":{"line":231,"column":20},"end":{"line":245,"column":3}},"line":231},"19":{"name":"(anonymous_19)","decl":{"start":{"line":241,"column":7},"end":{"line":241,"column":8}},"loc":{"start":{"line":241,"column":13},"end":{"line":244,"column":5}},"line":241},"20":{"name":"(anonymous_20)","decl":{"start":{"line":247,"column":2},"end":{"line":247,"column":3}},"loc":{"start":{"line":247,"column":28},"end":{"line":278,"column":3}},"line":247},"21":{"name":"(anonymous_21)","decl":{"start":{"line":264,"column":9},"end":{"line":264,"column":10}},"loc":{"start":{"line":264,"column":15},"end":{"line":268,"column":7}},"line":264},"22":{"name":"(anonymous_22)","decl":{"start":{"line":265,"column":26},"end":{"line":265,"column":27}},"loc":{"start":{"line":265,"column":32},"end":{"line":267,"column":9}},"line":265},"23":{"name":"(anonymous_23)","decl":{"start":{"line":272,"column":9},"end":{"line":272,"column":10}},"loc":{"start":{"line":272,"column":15},"end":{"line":276,"column":7}},"line":272},"24":{"name":"(anonymous_24)","decl":{"start":{"line":273,"column":26},"end":{"line":273,"column":27}},"loc":{"start":{"line":273,"column":32},"end":{"line":275,"column":9}},"line":273},"25":{"name":"(anonymous_25)","decl":{"start":{"line":281,"column":2},"end":{"line":281,"column":3}},"loc":{"start":{"line":281,"column":13},"end":{"line":286,"column":3}},"line":281},"26":{"name":"(anonymous_26)","decl":{"start":{"line":288,"column":2},"end":{"line":288,"column":3}},"loc":{"start":{"line":288,"column":11},"end":{"line":401,"column":3}},"line":288},"27":{"name":"(anonymous_27)","decl":{"start":{"line":297,"column":35},"end":{"line":297,"column":36}},"loc":{"start":{"line":297,"column":44},"end":{"line":301,"column":5}},"line":297},"28":{"name":"(anonymous_28)","decl":{"start":{"line":319,"column":21},"end":{"line":319,"column":22}},"loc":{"start":{"line":319,"column":38},"end":{"line":319,"column":68}},"line":319},"29":{"name":"(anonymous_29)","decl":{"start":{"line":341,"column":38},"end":{"line":341,"column":39}},"loc":{"start":{"line":341,"column":50},"end":{"line":346,"column":5}},"line":341},"30":{"name":"(anonymous_30)","decl":{"start":{"line":352,"column":22},"end":{"line":352,"column":23}},"loc":{"start":{"line":352,"column":28},"end":{"line":354,"column":7}},"line":352},"31":{"name":"(anonymous_31)","decl":{"start":{"line":366,"column":23},"end":{"line":366,"column":24}},"loc":{"start":{"line":366,"column":45},"end":{"line":366,"column":84}},"line":366},"32":{"name":"(anonymous_32)","decl":{"start":{"line":377,"column":22},"end":{"line":377,"column":23}},"loc":{"start":{"line":377,"column":44},"end":{"line":377,"column":84}},"line":377},"33":{"name":"(anonymous_33)","decl":{"start":{"line":394,"column":40},"end":{"line":394,"column":41}},"loc":{"start":{"line":394,"column":51},"end":{"line":394,"column":75}},"line":394}},"branchMap":{"0":{"loc":{"start":{"line":69,"column":4},"end":{"line":71,"column":5}},"type":"if","locations":[{"start":{"line":69,"column":4},"end":{"line":71,"column":5}},{"start":{"line":69,"column":4},"end":{"line":71,"column":5}}],"line":69},"1":{"loc":{"start":{"line":69,"column":8},"end":{"line":69,"column":40}},"type":"binary-expr","locations":[{"start":{"line":69,"column":8},"end":{"line":69,"column":21}},{"start":{"line":69,"column":25},"end":{"line":69,"column":40}}],"line":69},"2":{"loc":{"start":{"line":72,"column":4},"end":{"line":74,"column":5}},"type":"if","locations":[{"start":{"line":72,"column":4},"end":{"line":74,"column":5}},{"start":{"line":72,"column":4},"end":{"line":74,"column":5}}],"line":72},"3":{"loc":{"start":{"line":72,"column":8},"end":{"line":72,"column":40}},"type":"binary-expr","locations":[{"start":{"line":72,"column":8},"end":{"line":72,"column":22}},{"start":{"line":72,"column":26},"end":{"line":72,"column":40}}],"line":72},"4":{"loc":{"start":{"line":76,"column":4},"end":{"line":85,"column":5}},"type":"if","locations":[{"start":{"line":76,"column":4},"end":{"line":85,"column":5}},{"start":{"line":76,"column":4},"end":{"line":85,"column":5}}],"line":76},"5":{"loc":{"start":{"line":76,"column":8},"end":{"line":76,"column":78}},"type":"binary-expr","locations":[{"start":{"line":76,"column":8},"end":{"line":76,"column":21}},{"start":{"line":76,"column":25},"end":{"line":76,"column":39}},{"start":{"line":76,"column":43},"end":{"line":76,"column":58}},{"start":{"line":76,"column":62},"end":{"line":76,"column":78}}],"line":76},"6":{"loc":{"start":{"line":80,"column":6},"end":{"line":84,"column":7}},"type":"if","locations":[{"start":{"line":80,"column":6},"end":{"line":84,"column":7}},{"start":{"line":80,"column":6},"end":{"line":84,"column":7}}],"line":80},"7":{"loc":{"start":{"line":80,"column":10},"end":{"line":80,"column":57}},"type":"binary-expr","locations":[{"start":{"line":80,"column":10},"end":{"line":80,"column":31}},{"start":{"line":80,"column":35},"end":{"line":80,"column":57}}],"line":80},"8":{"loc":{"start":{"line":88,"column":4},"end":{"line":90,"column":5}},"type":"if","locations":[{"start":{"line":88,"column":4},"end":{"line":90,"column":5}},{"start":{"line":88,"column":4},"end":{"line":90,"column":5}}],"line":88},"9":{"loc":{"start":{"line":92,"column":4},"end":{"line":100,"column":5}},"type":"if","locations":[{"start":{"line":92,"column":4},"end":{"line":100,"column":5}},{"start":{"line":92,"column":4},"end":{"line":100,"column":5}}],"line":92},"10":{"loc":{"start":{"line":93,"column":6},"end":{"line":95,"column":7}},"type":"if","locations":[{"start":{"line":93,"column":6},"end":{"line":95,"column":7}},{"start":{"line":93,"column":6},"end":{"line":95,"column":7}}],"line":93},"11":{"loc":{"start":{"line":96,"column":11},"end":{"line":100,"column":5}},"type":"if","locations":[{"start":{"line":96,"column":11},"end":{"line":100,"column":5}},{"start":{"line":96,"column":11},"end":{"line":100,"column":5}}],"line":96},"12":{"loc":{"start":{"line":97,"column":6},"end":{"line":99,"column":7}},"type":"if","locations":[{"start":{"line":97,"column":6},"end":{"line":99,"column":7}},{"start":{"line":97,"column":6},"end":{"line":99,"column":7}}],"line":97},"13":{"loc":{"start":{"line":108,"column":4},"end":{"line":118,"column":5}},"type":"if","locations":[{"start":{"line":108,"column":4},"end":{"line":118,"column":5}},{"start":{"line":108,"column":4},"end":{"line":118,"column":5}}],"line":108},"14":{"loc":{"start":{"line":111,"column":6},"end":{"line":117,"column":7}},"type":"if","locations":[{"start":{"line":111,"column":6},"end":{"line":117,"column":7}},{"start":{"line":111,"column":6},"end":{"line":117,"column":7}}],"line":111},"15":{"loc":{"start":{"line":113,"column":13},"end":{"line":117,"column":7}},"type":"if","locations":[{"start":{"line":113,"column":13},"end":{"line":117,"column":7}},{"start":{"line":113,"column":13},"end":{"line":117,"column":7}}],"line":113},"16":{"loc":{"start":{"line":126,"column":4},"end":{"line":128,"column":5}},"type":"if","locations":[{"start":{"line":126,"column":4},"end":{"line":128,"column":5}},{"start":{"line":126,"column":4},"end":{"line":128,"column":5}}],"line":126},"17":{"loc":{"start":{"line":130,"column":4},"end":{"line":150,"column":5}},"type":"if","locations":[{"start":{"line":130,"column":4},"end":{"line":150,"column":5}},{"start":{"line":130,"column":4},"end":{"line":150,"column":5}}],"line":130},"18":{"loc":{"start":{"line":133,"column":6},"end":{"line":144,"column":7}},"type":"if","locations":[{"start":{"line":133,"column":6},"end":{"line":144,"column":7}},{"start":{"line":133,"column":6},"end":{"line":144,"column":7}}],"line":133},"19":{"loc":{"start":{"line":134,"column":8},"end":{"line":136,"column":9}},"type":"if","locations":[{"start":{"line":134,"column":8},"end":{"line":136,"column":9}},{"start":{"line":134,"column":8},"end":{"line":136,"column":9}}],"line":134},"20":{"loc":{"start":{"line":137,"column":8},"end":{"line":141,"column":9}},"type":"if","locations":[{"start":{"line":137,"column":8},"end":{"line":141,"column":9}},{"start":{"line":137,"column":8},"end":{"line":141,"column":9}}],"line":137},"21":{"loc":{"start":{"line":138,"column":10},"end":{"line":140,"column":11}},"type":"if","locations":[{"start":{"line":138,"column":10},"end":{"line":140,"column":11}},{"start":{"line":138,"column":10},"end":{"line":140,"column":11}}],"line":138},"22":{"loc":{"start":{"line":142,"column":13},"end":{"line":144,"column":7}},"type":"if","locations":[{"start":{"line":142,"column":13},"end":{"line":144,"column":7}},{"start":{"line":142,"column":13},"end":{"line":144,"column":7}}],"line":142},"23":{"loc":{"start":{"line":145,"column":6},"end":{"line":149,"column":7}},"type":"if","locations":[{"start":{"line":145,"column":6},"end":{"line":149,"column":7}},{"start":{"line":145,"column":6},"end":{"line":149,"column":7}}],"line":145},"24":{"loc":{"start":{"line":163,"column":4},"end":{"line":173,"column":5}},"type":"if","locations":[{"start":{"line":163,"column":4},"end":{"line":173,"column":5}},{"start":{"line":163,"column":4},"end":{"line":173,"column":5}}],"line":163},"25":{"loc":{"start":{"line":169,"column":8},"end":{"line":171,"column":9}},"type":"if","locations":[{"start":{"line":169,"column":8},"end":{"line":171,"column":9}},{"start":{"line":169,"column":8},"end":{"line":171,"column":9}}],"line":169},"26":{"loc":{"start":{"line":175,"column":4},"end":{"line":188,"column":5}},"type":"if","locations":[{"start":{"line":175,"column":4},"end":{"line":188,"column":5}},{"start":{"line":175,"column":4},"end":{"line":188,"column":5}}],"line":175},"27":{"loc":{"start":{"line":182,"column":8},"end":{"line":185,"column":9}},"type":"if","locations":[{"start":{"line":182,"column":8},"end":{"line":185,"column":9}},{"start":{"line":182,"column":8},"end":{"line":185,"column":9}}],"line":182},"28":{"loc":{"start":{"line":208,"column":4},"end":{"line":228,"column":5}},"type":"if","locations":[{"start":{"line":208,"column":4},"end":{"line":228,"column":5}},{"start":{"line":208,"column":4},"end":{"line":228,"column":5}}],"line":208},"29":{"loc":{"start":{"line":210,"column":23},"end":{"line":210,"column":69}},"type":"cond-expr","locations":[{"start":{"line":210,"column":40},"end":{"line":210,"column":55}},{"start":{"line":210,"column":58},"end":{"line":210,"column":69}}],"line":210},"30":{"loc":{"start":{"line":220,"column":24},"end":{"line":220,"column":71}},"type":"cond-expr","locations":[{"start":{"line":220,"column":42},"end":{"line":220,"column":57}},{"start":{"line":220,"column":60},"end":{"line":220,"column":71}}],"line":220},"31":{"loc":{"start":{"line":251,"column":4},"end":{"line":253,"column":5}},"type":"if","locations":[{"start":{"line":251,"column":4},"end":{"line":253,"column":5}},{"start":{"line":251,"column":4},"end":{"line":253,"column":5}}],"line":251},"32":{"loc":{"start":{"line":256,"column":4},"end":{"line":258,"column":5}},"type":"if","locations":[{"start":{"line":256,"column":4},"end":{"line":258,"column":5}},{"start":{"line":256,"column":4},"end":{"line":258,"column":5}}],"line":256},"33":{"loc":{"start":{"line":261,"column":4},"end":{"line":277,"column":5}},"type":"if","locations":[{"start":{"line":261,"column":4},"end":{"line":277,"column":5}},{"start":{"line":261,"column":4},"end":{"line":277,"column":5}}],"line":261},"34":{"loc":{"start":{"line":320,"column":44},"end":{"line":320,"column":129}},"type":"cond-expr","locations":[{"start":{"line":320,"column":106},"end":{"line":320,"column":117}},{"start":{"line":320,"column":120},"end":{"line":320,"column":129}}],"line":320},"35":{"loc":{"start":{"line":320,"column":44},"end":{"line":320,"column":103}},"type":"binary-expr","locations":[{"start":{"line":320,"column":44},"end":{"line":320,"column":71}},{"start":{"line":320,"column":75},"end":{"line":320,"column":103}}],"line":320},"36":{"loc":{"start":{"line":329,"column":6},"end":{"line":335,"column":7}},"type":"if","locations":[{"start":{"line":329,"column":6},"end":{"line":335,"column":7}},{"start":{"line":329,"column":6},"end":{"line":335,"column":7}}],"line":329},"37":{"loc":{"start":{"line":336,"column":6},"end":{"line":338,"column":7}},"type":"if","locations":[{"start":{"line":336,"column":6},"end":{"line":338,"column":7}},{"start":{"line":336,"column":6},"end":{"line":338,"column":7}}],"line":336}},"s":{"0":2,"1":9,"2":9,"3":9,"4":9,"5":9,"6":9,"7":9,"8":9,"9":9,"10":9,"11":9,"12":0,"13":0,"14":0,"15":28,"16":28,"17":0,"18":0,"19":0,"20":1256,"21":1256,"22":1256,"23":31,"24":1225,"25":31,"26":1194,"27":0,"28":0,"29":0,"30":0,"31":0,"32":1194,"33":1194,"34":453,"35":741,"36":258,"37":5,"38":483,"39":73,"40":0,"41":736,"42":31,"43":31,"44":31,"45":30,"46":1,"47":0,"48":1,"49":0,"50":1,"51":31,"52":31,"53":31,"54":12,"55":19,"56":0,"57":19,"58":19,"59":0,"60":19,"61":0,"62":0,"63":0,"64":0,"65":19,"66":0,"67":19,"68":2,"69":2,"70":2,"71":0,"72":0,"73":2,"74":1,"75":1,"76":1,"77":1,"78":1,"79":0,"80":0,"81":2,"82":1,"83":1,"84":1,"85":1,"86":1,"87":1,"88":0,"89":0,"90":0,"91":1,"92":2,"93":150,"94":150,"95":150,"96":41,"97":41,"98":27,"99":27,"100":16,"101":16,"102":16,"103":16,"104":11,"105":11,"106":11,"107":11,"108":1,"109":1,"110":1,"111":1,"112":1,"113":2,"114":2,"115":2,"116":0,"117":2,"118":2,"119":2,"120":2,"121":2,"122":1,"123":1,"124":1,"125":1,"126":1,"127":1,"128":41,"129":41,"130":41,"131":41,"132":41,"133":41,"134":41,"135":41,"136":41,"137":287,"138":41,"139":41,"140":41,"141":109,"142":41,"143":41,"144":41,"145":41,"146":1256,"147":1256,"148":1256,"149":1256,"150":2,"151":41,"152":41,"153":41,"154":41,"155":41,"156":1365,"157":211,"158":211,"159":211,"160":1154,"161":1365,"162":41,"163":41,"164":252,"165":41,"166":0,"167":11,"168":16,"169":1},"f":{"0":9,"1":0,"2":0,"3":28,"4":0,"5":0,"6":0,"7":1256,"8":31,"9":31,"10":2,"11":0,"12":0,"13":150,"14":41,"15":27,"16":16,"17":11,"18":1,"19":1,"20":2,"21":1,"22":1,"23":1,"24":1,"25":41,"26":41,"27":287,"28":2,"29":252,"30":0,"31":11,"32":16,"33":1},"b":{"0":[31,1225],"1":[1256,31],"2":[31,1194],"3":[1225,31],"4":[0,1194],"5":[1194,0,0,0],"6":[0,0],"7":[0,0],"8":[453,741],"9":[258,483],"10":[5,253],"11":[73,410],"12":[0,73],"13":[30,1],"14":[0,1],"15":[0,1],"16":[12,19],"17":[0,19],"18":[19,0],"19":[0,19],"20":[0,19],"21":[0,0],"22":[0,0],"23":[0,19],"24":[1,1],"25":[0,0],"26":[1,1],"27":[0,0],"28":[16,11],"29":[1,15],"30":[1,10],"31":[0,2],"32":[2,0],"33":[1,1],"34":[2,1254],"35":[1256,1255],"36":[211,1154],"37":[41,1324]},"_coverageSchema":"43e27e138ebf9cfc5966b082cf9a028302ed4184","hash":"8c2a9ac93167a4d26077c6f3ae2e794b5740100b"}
,"/Users/katherinewang/Desktop/Reservations/client/src/components/Guest.jsx": {"path":"/Users/katherinewang/Desktop/Reservations/client/src/components/Guest.jsx","statementMap":{"0":{"start":{"line":5,"column":4},"end":{"line":5,"column":17}},"1":{"start":{"line":7,"column":4},"end":{"line":11,"column":6}},"2":{"start":{"line":13,"column":4},"end":{"line":13,"column":53}},"3":{"start":{"line":14,"column":4},"end":{"line":14,"column":51}},"4":{"start":{"line":15,"column":4},"end":{"line":15,"column":65}},"5":{"start":{"line":19,"column":4},"end":{"line":19,"column":68}},"6":{"start":{"line":23,"column":4},"end":{"line":23,"column":71}},"7":{"start":{"line":27,"column":4},"end":{"line":29,"column":5}},"8":{"start":{"line":28,"column":6},"end":{"line":28,"column":13}},"9":{"start":{"line":30,"column":4},"end":{"line":30,"column":30}},"10":{"start":{"line":34,"column":4},"end":{"line":34,"column":68}},"11":{"start":{"line":38,"column":4},"end":{"line":38,"column":27}},"12":{"start":{"line":39,"column":34},"end":{"line":39,"column":44}},"13":{"start":{"line":41,"column":4},"end":{"line":81,"column":5}},"14":{"start":{"line":42,"column":6},"end":{"line":60,"column":7}},"15":{"start":{"line":43,"column":8},"end":{"line":47,"column":11}},"16":{"start":{"line":43,"column":36},"end":{"line":45,"column":9}},"17":{"start":{"line":46,"column":10},"end":{"line":46,"column":56}},"18":{"start":{"line":48,"column":13},"end":{"line":60,"column":7}},"19":{"start":{"line":49,"column":8},"end":{"line":53,"column":11}},"20":{"start":{"line":49,"column":36},"end":{"line":51,"column":9}},"21":{"start":{"line":52,"column":10},"end":{"line":52,"column":58}},"22":{"start":{"line":55,"column":8},"end":{"line":59,"column":11}},"23":{"start":{"line":55,"column":36},"end":{"line":57,"column":9}},"24":{"start":{"line":58,"column":10},"end":{"line":58,"column":58}},"25":{"start":{"line":61,"column":11},"end":{"line":81,"column":5}},"26":{"start":{"line":62,"column":6},"end":{"line":80,"column":7}},"27":{"start":{"line":63,"column":8},"end":{"line":67,"column":11}},"28":{"start":{"line":63,"column":36},"end":{"line":65,"column":9}},"29":{"start":{"line":66,"column":10},"end":{"line":66,"column":56}},"30":{"start":{"line":68,"column":13},"end":{"line":80,"column":7}},"31":{"start":{"line":69,"column":8},"end":{"line":73,"column":11}},"32":{"start":{"line":69,"column":36},"end":{"line":71,"column":9}},"33":{"start":{"line":72,"column":10},"end":{"line":72,"column":58}},"34":{"start":{"line":75,"column":8},"end":{"line":79,"column":11}},"35":{"start":{"line":75,"column":36},"end":{"line":77,"column":9}},"36":{"start":{"line":78,"column":10},"end":{"line":78,"column":58}},"37":{"start":{"line":85,"column":26},"end":{"line":85,"column":36}},"38":{"start":{"line":86,"column":37},"end":{"line":86,"column":47}},"39":{"start":{"line":87,"column":26},"end":{"line":87,"column":45}},"40":{"start":{"line":88,"column":27},"end":{"line":88,"column":47}},"41":{"start":{"line":89,"column":26},"end":{"line":89,"column":45}},"42":{"start":{"line":90,"column":27},"end":{"line":90,"column":47}},"43":{"start":{"line":91,"column":27},"end":{"line":91,"column":46}},"44":{"start":{"line":92,"column":28},"end":{"line":92,"column":48}},"45":{"start":{"line":96,"column":4},"end":{"line":99,"column":5}},"46":{"start":{"line":97,"column":6},"end":{"line":97,"column":53}},"47":{"start":{"line":98,"column":6},"end":{"line":98,"column":53}},"48":{"start":{"line":101,"column":4},"end":{"line":103,"column":5}},"49":{"start":{"line":102,"column":6},"end":{"line":102,"column":55}},"50":{"start":{"line":105,"column":4},"end":{"line":107,"column":5}},"51":{"start":{"line":106,"column":6},"end":{"line":106,"column":55}},"52":{"start":{"line":108,"column":4},"end":{"line":110,"column":5}},"53":{"start":{"line":109,"column":6},"end":{"line":109,"column":56}},"54":{"start":{"line":112,"column":4},"end":{"line":114,"column":5}},"55":{"start":{"line":113,"column":6},"end":{"line":113,"column":54}},"56":{"start":{"line":116,"column":4},"end":{"line":233,"column":6}},"57":{"start":{"line":117,"column":24},"end":{"line":117,"column":40}},"58":{"start":{"line":132,"column":37},"end":{"line":132,"column":76}},"59":{"start":{"line":143,"column":37},"end":{"line":143,"column":75}},"60":{"start":{"line":170,"column":35},"end":{"line":170,"column":74}},"61":{"start":{"line":181,"column":35},"end":{"line":181,"column":73}},"62":{"start":{"line":208,"column":37},"end":{"line":208,"column":77}},"63":{"start":{"line":219,"column":37},"end":{"line":219,"column":76}}},"fnMap":{"0":{"name":"(anonymous_0)","decl":{"start":{"line":4,"column":2},"end":{"line":4,"column":3}},"loc":{"start":{"line":4,"column":21},"end":{"line":16,"column":3}},"line":4},"1":{"name":"(anonymous_1)","decl":{"start":{"line":18,"column":2},"end":{"line":18,"column":3}},"loc":{"start":{"line":18,"column":22},"end":{"line":20,"column":3}},"line":18},"2":{"name":"(anonymous_2)","decl":{"start":{"line":22,"column":2},"end":{"line":22,"column":3}},"loc":{"start":{"line":22,"column":25},"end":{"line":24,"column":3}},"line":22},"3":{"name":"(anonymous_3)","decl":{"start":{"line":26,"column":2},"end":{"line":26,"column":3}},"loc":{"start":{"line":26,"column":17},"end":{"line":31,"column":3}},"line":26},"4":{"name":"(anonymous_4)","decl":{"start":{"line":33,"column":2},"end":{"line":33,"column":3}},"loc":{"start":{"line":33,"column":23},"end":{"line":35,"column":3}},"line":33},"5":{"name":"(anonymous_5)","decl":{"start":{"line":37,"column":2},"end":{"line":37,"column":3}},"loc":{"start":{"line":37,"column":28},"end":{"line":82,"column":3}},"line":37},"6":{"name":"(anonymous_6)","decl":{"start":{"line":43,"column":22},"end":{"line":43,"column":23}},"loc":{"start":{"line":43,"column":36},"end":{"line":45,"column":9}},"line":43},"7":{"name":"(anonymous_7)","decl":{"start":{"line":45,"column":12},"end":{"line":45,"column":13}},"loc":{"start":{"line":45,"column":18},"end":{"line":47,"column":9}},"line":45},"8":{"name":"(anonymous_8)","decl":{"start":{"line":49,"column":22},"end":{"line":49,"column":23}},"loc":{"start":{"line":49,"column":36},"end":{"line":51,"column":9}},"line":49},"9":{"name":"(anonymous_9)","decl":{"start":{"line":51,"column":12},"end":{"line":51,"column":13}},"loc":{"start":{"line":51,"column":18},"end":{"line":53,"column":9}},"line":51},"10":{"name":"(anonymous_10)","decl":{"start":{"line":55,"column":22},"end":{"line":55,"column":23}},"loc":{"start":{"line":55,"column":36},"end":{"line":57,"column":9}},"line":55},"11":{"name":"(anonymous_11)","decl":{"start":{"line":57,"column":12},"end":{"line":57,"column":13}},"loc":{"start":{"line":57,"column":18},"end":{"line":59,"column":9}},"line":57},"12":{"name":"(anonymous_12)","decl":{"start":{"line":63,"column":22},"end":{"line":63,"column":23}},"loc":{"start":{"line":63,"column":36},"end":{"line":65,"column":9}},"line":63},"13":{"name":"(anonymous_13)","decl":{"start":{"line":65,"column":12},"end":{"line":65,"column":13}},"loc":{"start":{"line":65,"column":18},"end":{"line":67,"column":9}},"line":65},"14":{"name":"(anonymous_14)","decl":{"start":{"line":69,"column":22},"end":{"line":69,"column":23}},"loc":{"start":{"line":69,"column":36},"end":{"line":71,"column":9}},"line":69},"15":{"name":"(anonymous_15)","decl":{"start":{"line":71,"column":12},"end":{"line":71,"column":13}},"loc":{"start":{"line":71,"column":18},"end":{"line":73,"column":9}},"line":71},"16":{"name":"(anonymous_16)","decl":{"start":{"line":75,"column":22},"end":{"line":75,"column":23}},"loc":{"start":{"line":75,"column":36},"end":{"line":77,"column":9}},"line":75},"17":{"name":"(anonymous_17)","decl":{"start":{"line":77,"column":12},"end":{"line":77,"column":13}},"loc":{"start":{"line":77,"column":18},"end":{"line":79,"column":9}},"line":77},"18":{"name":"(anonymous_18)","decl":{"start":{"line":84,"column":2},"end":{"line":84,"column":3}},"loc":{"start":{"line":84,"column":11},"end":{"line":234,"column":3}},"line":84},"19":{"name":"(anonymous_19)","decl":{"start":{"line":117,"column":16},"end":{"line":117,"column":17}},"loc":{"start":{"line":117,"column":24},"end":{"line":117,"column":40}},"line":117},"20":{"name":"(anonymous_20)","decl":{"start":{"line":132,"column":25},"end":{"line":132,"column":26}},"loc":{"start":{"line":132,"column":36},"end":{"line":132,"column":77}},"line":132},"21":{"name":"(anonymous_21)","decl":{"start":{"line":143,"column":25},"end":{"line":143,"column":26}},"loc":{"start":{"line":143,"column":36},"end":{"line":143,"column":76}},"line":143},"22":{"name":"(anonymous_22)","decl":{"start":{"line":170,"column":23},"end":{"line":170,"column":24}},"loc":{"start":{"line":170,"column":34},"end":{"line":170,"column":75}},"line":170},"23":{"name":"(anonymous_23)","decl":{"start":{"line":181,"column":23},"end":{"line":181,"column":24}},"loc":{"start":{"line":181,"column":34},"end":{"line":181,"column":74}},"line":181},"24":{"name":"(anonymous_24)","decl":{"start":{"line":208,"column":25},"end":{"line":208,"column":26}},"loc":{"start":{"line":208,"column":36},"end":{"line":208,"column":78}},"line":208},"25":{"name":"(anonymous_25)","decl":{"start":{"line":219,"column":25},"end":{"line":219,"column":26}},"loc":{"start":{"line":219,"column":36},"end":{"line":219,"column":77}},"line":219}},"branchMap":{"0":{"loc":{"start":{"line":27,"column":4},"end":{"line":29,"column":5}},"type":"if","locations":[{"start":{"line":27,"column":4},"end":{"line":29,"column":5}},{"start":{"line":27,"column":4},"end":{"line":29,"column":5}}],"line":27},"1":{"loc":{"start":{"line":41,"column":4},"end":{"line":81,"column":5}},"type":"if","locations":[{"start":{"line":41,"column":4},"end":{"line":81,"column":5}},{"start":{"line":41,"column":4},"end":{"line":81,"column":5}}],"line":41},"2":{"loc":{"start":{"line":42,"column":6},"end":{"line":60,"column":7}},"type":"if","locations":[{"start":{"line":42,"column":6},"end":{"line":60,"column":7}},{"start":{"line":42,"column":6},"end":{"line":60,"column":7}}],"line":42},"3":{"loc":{"start":{"line":48,"column":13},"end":{"line":60,"column":7}},"type":"if","locations":[{"start":{"line":48,"column":13},"end":{"line":60,"column":7}},{"start":{"line":48,"column":13},"end":{"line":60,"column":7}}],"line":48},"4":{"loc":{"start":{"line":61,"column":11},"end":{"line":81,"column":5}},"type":"if","locations":[{"start":{"line":61,"column":11},"end":{"line":81,"column":5}},{"start":{"line":61,"column":11},"end":{"line":81,"column":5}}],"line":61},"5":{"loc":{"start":{"line":62,"column":6},"end":{"line":80,"column":7}},"type":"if","locations":[{"start":{"line":62,"column":6},"end":{"line":80,"column":7}},{"start":{"line":62,"column":6},"end":{"line":80,"column":7}}],"line":62},"6":{"loc":{"start":{"line":68,"column":13},"end":{"line":80,"column":7}},"type":"if","locations":[{"start":{"line":68,"column":13},"end":{"line":80,"column":7}},{"start":{"line":68,"column":13},"end":{"line":80,"column":7}}],"line":68},"7":{"loc":{"start":{"line":96,"column":4},"end":{"line":99,"column":5}},"type":"if","locations":[{"start":{"line":96,"column":4},"end":{"line":99,"column":5}},{"start":{"line":96,"column":4},"end":{"line":99,"column":5}}],"line":96},"8":{"loc":{"start":{"line":101,"column":4},"end":{"line":103,"column":5}},"type":"if","locations":[{"start":{"line":101,"column":4},"end":{"line":103,"column":5}},{"start":{"line":101,"column":4},"end":{"line":103,"column":5}}],"line":101},"9":{"loc":{"start":{"line":105,"column":4},"end":{"line":107,"column":5}},"type":"if","locations":[{"start":{"line":105,"column":4},"end":{"line":107,"column":5}},{"start":{"line":105,"column":4},"end":{"line":107,"column":5}}],"line":105},"10":{"loc":{"start":{"line":108,"column":4},"end":{"line":110,"column":5}},"type":"if","locations":[{"start":{"line":108,"column":4},"end":{"line":110,"column":5}},{"start":{"line":108,"column":4},"end":{"line":110,"column":5}}],"line":108},"11":{"loc":{"start":{"line":112,"column":4},"end":{"line":114,"column":5}},"type":"if","locations":[{"start":{"line":112,"column":4},"end":{"line":114,"column":5}},{"start":{"line":112,"column":4},"end":{"line":114,"column":5}}],"line":112}},"s":{"0":1,"1":1,"2":1,"3":1,"4":1,"5":0,"6":0,"7":0,"8":0,"9":0,"10":0,"11":21,"12":21,"13":21,"14":12,"15":4,"16":4,"17":4,"18":8,"19":4,"20":4,"21":4,"22":4,"23":4,"24":4,"25":9,"26":9,"27":3,"28":3,"29":3,"30":6,"31":3,"32":3,"33":3,"34":3,"35":3,"36":3,"37":28,"38":28,"39":28,"40":28,"41":28,"42":28,"43":28,"44":28,"45":28,"46":19,"47":19,"48":28,"49":3,"50":28,"51":4,"52":28,"53":4,"54":28,"55":14,"56":28,"57":0,"58":4,"59":3,"60":4,"61":3,"62":4,"63":3},"f":{"0":1,"1":0,"2":0,"3":0,"4":0,"5":21,"6":4,"7":4,"8":4,"9":4,"10":4,"11":4,"12":3,"13":3,"14":3,"15":3,"16":3,"17":3,"18":28,"19":0,"20":4,"21":3,"22":4,"23":3,"24":4,"25":3},"b":{"0":[0,0],"1":[12,9],"2":[4,8],"3":[4,4],"4":[9,0],"5":[3,6],"6":[3,3],"7":[19,9],"8":[3,25],"9":[4,24],"10":[4,24],"11":[14,14]},"_coverageSchema":"43e27e138ebf9cfc5966b082cf9a028302ed4184","hash":"f957879db2fda8e86fbb7d72f8a490579f35a0aa"}
}
