TN:
SF:/Users/katherinewang/Desktop/Reservations/client/src/components/App.jsx
FN:13,(anonymous_0)
FN:57,(anonymous_1)
FN:62,(anonymous_2)
FN:66,(anonymous_3)
FN:73,(anonymous_4)
FN:79,(anonymous_5)
FN:84,(anonymous_6)
FN:91,(anonymous_7)
FN:98,(anonymous_8)
FN:105,(anonymous_9)
FN:113,(anonymous_10)
FN:118,(anonymous_11)
FN:123,(anonymous_12)
FN:125,(anonymous_13)
FN:127,(anonymous_14)
FN:131,(anonymous_15)
FN:133,(anonymous_16)
FN:139,(anonymous_17)
FN:143,(anonymous_18)
FN:145,(anonymous_19)
FN:147,(anonymous_20)
FN:151,(anonymous_21)
FN:153,(anonymous_22)
FN:160,(anonymous_23)
FN:167,(anonymous_24)
FN:169,(anonymous_25)
FN:175,(anonymous_26)
FN:180,(anonymous_27)
FN:191,(anonymous_28)
FN:201,(anonymous_29)
FN:219,(anonymous_30)
FN:220,(anonymous_31)
FN:221,(anonymous_32)
FN:231,(anonymous_33)
FN:237,(anonymous_34)
FN:237,(anonymous_35)
FN:260,(anonymous_36)
FN:265,(anonymous_37)
FN:270,(anonymous_38)
FN:327,(anonymous_39)
FN:343,(anonymous_40)
FNF:41
FNH:3
FNDA:1,(anonymous_0)
FNDA:0,(anonymous_1)
FNDA:0,(anonymous_2)
FNDA:0,(anonymous_3)
FNDA:0,(anonymous_4)
FNDA:0,(anonymous_5)
FNDA:0,(anonymous_6)
FNDA:0,(anonymous_7)
FNDA:0,(anonymous_8)
FNDA:0,(anonymous_9)
FNDA:0,(anonymous_10)
FNDA:0,(anonymous_11)
FNDA:0,(anonymous_12)
FNDA:0,(anonymous_13)
FNDA:0,(anonymous_14)
FNDA:0,(anonymous_15)
FNDA:0,(anonymous_16)
FNDA:0,(anonymous_17)
FNDA:0,(anonymous_18)
FNDA:0,(anonymous_19)
FNDA:0,(anonymous_20)
FNDA:0,(anonymous_21)
FNDA:0,(anonymous_22)
FNDA:0,(anonymous_23)
FNDA:0,(anonymous_24)
FNDA:0,(anonymous_25)
FNDA:0,(anonymous_26)
FNDA:0,(anonymous_27)
FNDA:0,(anonymous_28)
FNDA:0,(anonymous_29)
FNDA:0,(anonymous_30)
FNDA:0,(anonymous_31)
FNDA:0,(anonymous_32)
FNDA:0,(anonymous_33)
FNDA:0,(anonymous_34)
FNDA:0,(anonymous_35)
FNDA:0,(anonymous_36)
FNDA:1,(anonymous_37)
FNDA:1,(anonymous_38)
FNDA:0,(anonymous_39)
FNDA:0,(anonymous_40)
DA:14,1
DA:16,1
DA:43,1
DA:44,1
DA:45,1
DA:46,1
DA:47,1
DA:48,1
DA:49,1
DA:50,1
DA:51,1
DA:52,1
DA:53,1
DA:54,1
DA:58,0
DA:64,0
DA:65,0
DA:68,0
DA:70,0
DA:74,0
DA:80,0
DA:85,0
DA:87,0
DA:88,0
DA:92,0
DA:95,0
DA:99,0
DA:106,0
DA:114,0
DA:115,0
DA:116,0
DA:119,0
DA:124,0
DA:125,0
DA:128,0
DA:131,0
DA:134,0
DA:140,0
DA:141,0
DA:144,0
DA:145,0
DA:148,0
DA:151,0
DA:154,0
DA:161,0
DA:168,0
DA:169,0
DA:176,0
DA:177,0
DA:181,0
DA:182,0
DA:183,0
DA:184,0
DA:185,0
DA:186,0
DA:188,0
DA:189,0
DA:192,0
DA:195,0
DA:198,0
DA:202,0
DA:204,0
DA:205,0
DA:206,0
DA:207,0
DA:208,0
DA:210,0
DA:211,0
DA:214,0
DA:215,0
DA:218,0
DA:220,0
DA:221,0
DA:222,0
DA:223,0
DA:224,0
DA:225,0
DA:226,0
DA:228,0
DA:231,0
DA:232,0
DA:238,0
DA:239,0
DA:240,0
DA:242,0
DA:244,0
DA:245,0
DA:246,0
DA:247,0
DA:250,0
DA:251,0
DA:253,0
DA:256,0
DA:258,0
DA:261,0
DA:266,1
DA:272,1
DA:274,1
DA:275,1
DA:277,1
DA:278,0
DA:279,1
DA:280,1
DA:283,1
DA:284,0
DA:285,1
DA:286,0
DA:291,1
DA:292,0
DA:293,0
DA:294,1
DA:295,0
DA:296,0
DA:298,1
DA:299,1
DA:303,1
DA:304,0
DA:305,1
DA:306,0
DA:308,1
DA:311,1
DA:312,1
DA:313,1
DA:316,1
DA:327,0
DA:343,0
LF:126
LH:34
BRDA:87,0,0,0
BRDA:87,0,1,0
BRDA:124,1,0,0
BRDA:124,1,1,0
BRDA:144,2,0,0
BRDA:144,2,1,0
BRDA:183,3,0,0
BRDA:183,3,1,0
BRDA:183,4,0,0
BRDA:183,4,1,0
BRDA:188,5,0,0
BRDA:188,5,1,0
BRDA:225,6,0,0
BRDA:225,6,1,0
BRDA:237,7,0,0
BRDA:244,8,0,0
BRDA:244,8,1,0
BRDA:244,9,0,0
BRDA:244,9,1,0
BRDA:250,10,0,0
BRDA:250,10,1,0
BRDA:277,11,0,0
BRDA:277,11,1,1
BRDA:279,12,0,1
BRDA:279,12,1,0
BRDA:283,13,0,0
BRDA:283,13,1,1
BRDA:285,14,0,0
BRDA:285,14,1,1
BRDA:291,15,0,0
BRDA:291,15,1,1
BRDA:294,16,0,0
BRDA:294,16,1,1
BRDA:303,17,0,0
BRDA:303,17,1,1
BRDA:305,18,0,0
BRDA:305,18,1,1
BRDA:305,19,0,1
BRDA:305,19,1,1
BRDA:319,20,0,1
BRDA:319,20,1,0
BRDA:328,21,0,0
BRDA:328,21,1,1
BRDA:344,22,0,0
BRDA:344,22,1,1
BRDA:349,23,0,0
BRDA:349,23,1,1
BRDA:366,24,0,0
BRDA:366,24,1,1
BRDA:368,25,0,0
BRDA:368,25,1,0
BRF:51
BRH:15
end_of_record
TN:
SF:/Users/katherinewang/Desktop/Reservations/client/src/components/Calendar.jsx
FN:11,(anonymous_0)
FN:39,(anonymous_1)
FN:43,(anonymous_2)
FN:48,(anonymous_3)
FN:51,(anonymous_4)
FN:53,(anonymous_5)
FN:58,(anonymous_6)
FN:61,(anonymous_7)
FN:104,(anonymous_8)
FN:121,(anonymous_9)
FN:153,(anonymous_10)
FN:158,(anonymous_11)
FN:183,(anonymous_12)
FN:192,(anonymous_13)
FN:199,(anonymous_14)
FN:205,(anonymous_15)
FN:215,(anonymous_16)
FN:225,(anonymous_17)
FN:231,(anonymous_18)
FN:241,(anonymous_19)
FN:247,(anonymous_20)
FN:264,(anonymous_21)
FN:265,(anonymous_22)
FN:272,(anonymous_23)
FN:273,(anonymous_24)
FN:281,(anonymous_25)
FN:288,(anonymous_26)
FN:297,(anonymous_27)
FN:319,(anonymous_28)
FN:341,(anonymous_29)
FN:352,(anonymous_30)
FN:366,(anonymous_31)
FN:377,(anonymous_32)
FN:394,(anonymous_33)
FNF:34
FNH:26
FNDA:9,(anonymous_0)
FNDA:0,(anonymous_1)
FNDA:0,(anonymous_2)
FNDA:28,(anonymous_3)
FNDA:0,(anonymous_4)
FNDA:0,(anonymous_5)
FNDA:0,(anonymous_6)
FNDA:1256,(anonymous_7)
FNDA:31,(anonymous_8)
FNDA:31,(anonymous_9)
FNDA:2,(anonymous_10)
FNDA:0,(anonymous_11)
FNDA:0,(anonymous_12)
FNDA:150,(anonymous_13)
FNDA:41,(anonymous_14)
FNDA:27,(anonymous_15)
FNDA:16,(anonymous_16)
FNDA:11,(anonymous_17)
FNDA:1,(anonymous_18)
FNDA:1,(anonymous_19)
FNDA:2,(anonymous_20)
FNDA:1,(anonymous_21)
FNDA:1,(anonymous_22)
FNDA:1,(anonymous_23)
FNDA:1,(anonymous_24)
FNDA:41,(anonymous_25)
FNDA:41,(anonymous_26)
FNDA:287,(anonymous_27)
FNDA:2,(anonymous_28)
FNDA:252,(anonymous_29)
FNDA:0,(anonymous_30)
FNDA:11,(anonymous_31)
FNDA:16,(anonymous_32)
FNDA:1,(anonymous_33)
DA:8,2
DA:12,9
DA:14,9
DA:28,9
DA:29,9
DA:30,9
DA:31,9
DA:32,9
DA:33,9
DA:34,9
DA:35,9
DA:36,9
DA:40,0
DA:44,0
DA:45,0
DA:49,28
DA:50,28
DA:51,0
DA:54,0
DA:58,0
DA:65,1256
DA:67,1256
DA:69,1256
DA:70,31
DA:72,1225
DA:73,31
DA:76,1194
DA:77,0
DA:78,0
DA:80,0
DA:81,0
DA:83,0
DA:87,1194
DA:88,1194
DA:89,453
DA:92,741
DA:93,258
DA:94,5
DA:96,483
DA:97,73
DA:98,0
DA:101,736
DA:105,31
DA:106,31
DA:108,31
DA:109,30
DA:111,1
DA:112,0
DA:113,1
DA:114,0
DA:116,1
DA:123,31
DA:125,31
DA:126,31
DA:127,12
DA:130,19
DA:131,0
DA:133,19
DA:134,19
DA:135,0
DA:137,19
DA:138,0
DA:139,0
DA:142,0
DA:143,0
DA:145,19
DA:146,0
DA:148,19
DA:154,2
DA:155,2
DA:158,2
DA:159,0
DA:160,0
DA:163,2
DA:164,1
DA:165,1
DA:166,1
DA:168,1
DA:169,0
DA:170,0
DA:175,2
DA:176,1
DA:177,1
DA:178,1
DA:179,1
DA:180,1
DA:181,0
DA:182,0
DA:183,0
DA:187,1
DA:189,2
DA:194,150
DA:195,150
DA:196,150
DA:200,41
DA:201,41
DA:206,27
DA:208,27
DA:209,16
DA:210,16
DA:212,16
DA:216,16
DA:219,11
DA:220,11
DA:222,11
DA:226,11
DA:232,1
DA:233,1
DA:234,1
DA:242,1
DA:243,1
DA:248,2
DA:250,2
DA:251,2
DA:252,0
DA:255,2
DA:256,2
DA:257,2
DA:259,2
DA:261,2
DA:262,1
DA:265,1
DA:266,1
DA:270,1
DA:273,1
DA:274,1
DA:282,41
DA:283,41
DA:285,41
DA:290,41
DA:291,41
DA:293,41
DA:294,41
DA:296,41
DA:297,41
DA:298,287
DA:303,41
DA:304,41
DA:305,109
DA:310,41
DA:311,41
DA:313,41
DA:314,1256
DA:315,1256
DA:316,1256
DA:318,1256
DA:319,2
DA:324,41
DA:326,41
DA:327,41
DA:328,41
DA:329,1365
DA:330,211
DA:331,211
DA:332,211
DA:334,1154
DA:336,1365
DA:337,41
DA:341,41
DA:342,252
DA:348,41
DA:353,0
DA:366,11
DA:377,16
DA:394,1
LF:165
LH:135
BRDA:69,0,0,31
BRDA:69,0,1,1225
BRDA:69,1,0,1256
BRDA:69,1,1,31
BRDA:72,2,0,31
BRDA:72,2,1,1194
BRDA:72,3,0,1225
BRDA:72,3,1,31
BRDA:76,4,0,0
BRDA:76,4,1,1194
BRDA:76,5,0,1194
BRDA:76,5,1,0
BRDA:76,5,2,0
BRDA:76,5,3,0
BRDA:80,6,0,0
BRDA:80,6,1,0
BRDA:80,7,0,0
BRDA:80,7,1,0
BRDA:88,8,0,453
BRDA:88,8,1,741
BRDA:92,9,0,258
BRDA:92,9,1,483
BRDA:93,10,0,5
BRDA:93,10,1,253
BRDA:96,11,0,73
BRDA:96,11,1,410
BRDA:97,12,0,0
BRDA:97,12,1,73
BRDA:108,13,0,30
BRDA:108,13,1,1
BRDA:111,14,0,0
BRDA:111,14,1,1
BRDA:113,15,0,0
BRDA:113,15,1,1
BRDA:126,16,0,12
BRDA:126,16,1,19
BRDA:130,17,0,0
BRDA:130,17,1,19
BRDA:133,18,0,19
BRDA:133,18,1,0
BRDA:134,19,0,0
BRDA:134,19,1,19
BRDA:137,20,0,0
BRDA:137,20,1,19
BRDA:138,21,0,0
BRDA:138,21,1,0
BRDA:142,22,0,0
BRDA:142,22,1,0
BRDA:145,23,0,0
BRDA:145,23,1,19
BRDA:163,24,0,1
BRDA:163,24,1,1
BRDA:169,25,0,0
BRDA:169,25,1,0
BRDA:175,26,0,1
BRDA:175,26,1,1
BRDA:182,27,0,0
BRDA:182,27,1,0
BRDA:208,28,0,16
BRDA:208,28,1,11
BRDA:210,29,0,1
BRDA:210,29,1,15
BRDA:220,30,0,1
BRDA:220,30,1,10
BRDA:251,31,0,0
BRDA:251,31,1,2
BRDA:256,32,0,2
BRDA:256,32,1,0
BRDA:261,33,0,1
BRDA:261,33,1,1
BRDA:320,34,0,2
BRDA:320,34,1,1254
BRDA:320,35,0,1256
BRDA:320,35,1,1255
BRDA:329,36,0,211
BRDA:329,36,1,1154
BRDA:336,37,0,41
BRDA:336,37,1,1324
BRF:78
BRH:52
end_of_record
TN:
SF:/Users/katherinewang/Desktop/Reservations/client/src/components/Guest.jsx
FN:4,(anonymous_0)
FN:18,(anonymous_1)
FN:22,(anonymous_2)
FN:26,(anonymous_3)
FN:33,(anonymous_4)
FN:37,(anonymous_5)
FN:43,(anonymous_6)
FN:45,(anonymous_7)
FN:49,(anonymous_8)
FN:51,(anonymous_9)
FN:55,(anonymous_10)
FN:57,(anonymous_11)
FN:63,(anonymous_12)
FN:65,(anonymous_13)
FN:69,(anonymous_14)
FN:71,(anonymous_15)
FN:75,(anonymous_16)
FN:77,(anonymous_17)
FN:84,(anonymous_18)
FN:117,(anonymous_19)
FN:132,(anonymous_20)
FN:143,(anonymous_21)
FN:170,(anonymous_22)
FN:181,(anonymous_23)
FN:208,(anonymous_24)
FN:219,(anonymous_25)
FNF:26
FNH:21
FNDA:1,(anonymous_0)
FNDA:0,(anonymous_1)
FNDA:0,(anonymous_2)
FNDA:0,(anonymous_3)
FNDA:0,(anonymous_4)
FNDA:21,(anonymous_5)
FNDA:4,(anonymous_6)
FNDA:4,(anonymous_7)
FNDA:4,(anonymous_8)
FNDA:4,(anonymous_9)
FNDA:4,(anonymous_10)
FNDA:4,(anonymous_11)
FNDA:3,(anonymous_12)
FNDA:3,(anonymous_13)
FNDA:3,(anonymous_14)
FNDA:3,(anonymous_15)
FNDA:3,(anonymous_16)
FNDA:3,(anonymous_17)
FNDA:28,(anonymous_18)
FNDA:0,(anonymous_19)
FNDA:4,(anonymous_20)
FNDA:3,(anonymous_21)
FNDA:4,(anonymous_22)
FNDA:3,(anonymous_23)
FNDA:4,(anonymous_24)
FNDA:3,(anonymous_25)
DA:5,1
DA:7,1
DA:13,1
DA:14,1
DA:15,1
DA:19,0
DA:23,0
DA:27,0
DA:28,0
DA:30,0
DA:34,0
DA:38,21
DA:39,21
DA:41,21
DA:42,12
DA:43,4
DA:46,4
DA:48,8
DA:49,4
DA:52,4
DA:55,4
DA:58,4
DA:61,9
DA:62,9
DA:63,3
DA:66,3
DA:68,6
DA:69,3
DA:72,3
DA:75,3
DA:78,3
DA:85,28
DA:86,28
DA:87,28
DA:88,28
DA:89,28
DA:90,28
DA:91,28
DA:92,28
DA:96,28
DA:97,19
DA:98,19
DA:101,28
DA:102,3
DA:105,28
DA:106,4
DA:108,28
DA:109,4
DA:112,28
DA:113,14
DA:116,28
DA:117,0
DA:132,4
DA:143,3
DA:170,4
DA:181,3
DA:208,4
DA:219,3
LF:58
LH:51
BRDA:27,0,0,0
BRDA:27,0,1,0
BRDA:41,1,0,12
BRDA:41,1,1,9
BRDA:42,2,0,4
BRDA:42,2,1,8
BRDA:48,3,0,4
BRDA:48,3,1,4
BRDA:61,4,0,9
BRDA:61,4,1,0
BRDA:62,5,0,3
BRDA:62,5,1,6
BRDA:68,6,0,3
BRDA:68,6,1,3
BRDA:96,7,0,19
BRDA:96,7,1,9
BRDA:101,8,0,3
BRDA:101,8,1,25
BRDA:105,9,0,4
BRDA:105,9,1,24
BRDA:108,10,0,4
BRDA:108,10,1,24
BRDA:112,11,0,14
BRDA:112,11,1,14
BRF:24
BRH:21
end_of_record
